TN:
SF:script/Create2DeployUtils.sol
DA:17,2880
FN:17,Create2DeployUtils.deployWithSanityChecks
FNDA:2880,Create2DeployUtils.deployWithSanityChecks
DA:25,2880
DA:27,2880
BRDA:27,0,0,-
DA:28,0
DA:31,2880
DA:33,2880
BRDA:33,1,0,-
DA:34,0
BRDA:34,2,0,-
DA:36,0
BRDA:36,3,0,-
BRDA:36,3,1,-
DA:38,0
DA:41,2880
DA:43,2880
BRDA:43,4,0,-
BRDA:43,4,1,-
DA:44,2880
BRDA:44,5,0,-
BRDA:44,5,1,-
DA:46,0
BRDA:46,6,0,-
DA:48,2880
DA:51,2880
FN:51,Create2DeployUtils.generateDeterminsticAddress
FNDA:2880,Create2DeployUtils.generateDeterminsticAddress
DA:52,2880
DA:53,2880
DA:56,0
FN:56,Create2DeployUtils.getERC1967ProxyCreationCode
FNDA:0,Create2DeployUtils.getERC1967ProxyCreationCode
DA:57,0
DA:60,2880
FN:60,Create2DeployUtils._deploy
FNDA:2880,Create2DeployUtils._deploy
DA:62,2880
DA:64,2880
BRDA:64,7,0,-
BRDA:64,7,1,-
DA:68,0
FNF:4
FNH:3
LF:23
LH:15
BRF:12
BRH:0
end_of_record
TN:
SF:script/Deploy.s.sol
DA:175,0
FN:175,DeployScript.run
FNDA:0,DeployScript.run
DA:177,0
DA:178,0
DA:181,0
DA:184,0
DA:186,0
DA:190,480
FN:190,DeployScript.deploy
FNDA:480,DeployScript.deploy
DA:192,480
DA:193,480
DA:194,480
DA:195,480
DA:196,480
DA:199,480
DA:202,480
DA:205,480
DA:220,480
DA:221,480
DA:222,480
DA:223,480
DA:224,480
DA:225,480
DA:226,480
DA:227,480
DA:228,480
DA:229,480
DA:230,480
DA:231,480
DA:232,480
DA:233,480
DA:234,480
DA:236,0
DA:245,508
FN:245,DeployScript.buildRolesConfiguration
FNDA:508,DeployScript.buildRolesConfiguration
DA:256,508
DA:258,508
DA:259,508
DA:262,508
DA:263,508
DA:265,508
DA:266,508
DA:267,508
DA:268,508
DA:269,508
DA:270,508
DA:271,508
DA:272,508
DA:273,508
DA:274,508
DA:275,508
DA:276,508
DA:277,508
DA:278,508
DA:279,508
DA:280,508
DA:281,508
DA:282,508
DA:283,508
DA:284,508
DA:285,508
DA:286,508
DA:287,508
DA:288,508
DA:289,508
DA:290,508
DA:292,508
DA:295,0
DA:296,0
DA:298,508
DA:301,508
DA:302,508
DA:304,508
DA:305,508
DA:306,508
DA:307,508
DA:308,508
DA:309,508
DA:310,508
DA:311,508
DA:312,508
DA:313,508
DA:315,508
DA:316,508
DA:317,508
DA:318,508
DA:319,508
DA:320,508
DA:322,508
DA:325,508
DA:326,508
DA:328,508
DA:329,508
DA:330,508
DA:331,508
DA:332,508
DA:333,508
DA:334,508
DA:335,508
DA:336,508
DA:337,508
DA:338,508
DA:339,508
DA:340,508
DA:341,508
DA:342,508
DA:343,508
DA:344,508
DA:345,508
DA:346,508
DA:347,508
DA:349,508
DA:355,480
FN:355,DeployScript.grantAllRoles
FNDA:480,DeployScript.grantAllRoles
DA:356,480
DA:358,480
DA:361,480
DA:362,480
DA:365,480
DA:366,480
DA:369,480
DA:370,480
DA:373,480
DA:374,480
DA:377,480
DA:378,480
DA:381,480
DA:382,480
DA:386,480
DA:398,480
FN:398,DeployScript._deployMarket
FNDA:480,DeployScript._deployMarket
DA:410,480
DA:411,480
DA:412,480
DA:413,480
DA:416,480
DA:424,480
DA:426,480
DA:427,480
DA:428,480
DA:429,480
DA:432,0
DA:433,480
DA:434,480
DA:435,480
DA:436,480
DA:437,480
DA:440,480
DA:441,480
DA:444,480
DA:466,480
DA:467,480
DA:469,480
DA:470,480
DA:471,480
DA:472,480
DA:473,480
DA:476,480
DA:478,480
DA:482,0
FN:482,DeployScript._readDeploymentParamsFromEnv
FNDA:0,DeployScript._readDeploymentParamsFromEnv
DA:483,0
DA:485,0
DA:486,0
BRDA:486,0,0,-
BRDA:486,0,1,-
DA:487,0
DA:489,0
DA:490,0
BRDA:490,1,0,-
BRDA:490,1,1,-
DA:491,0
DA:493,0
DA:494,0
BRDA:494,2,0,-
BRDA:494,2,1,-
DA:495,0
DA:500,0
DA:501,0
BRDA:501,3,0,-
BRDA:501,3,1,-
DA:502,0
DA:508,0
DA:509,0
BRDA:509,4,0,-
DA:510,0
DA:514,0
DA:517,0
DA:557,0
FN:557,DeployScript._readYDMParamsFromEnv
FNDA:0,DeployScript._readYDMParamsFromEnv
DA:558,0
BRDA:558,5,0,-
BRDA:558,5,1,-
DA:559,0
DA:564,0
DA:565,0
BRDA:565,6,0,-
BRDA:565,6,1,-
DA:566,0
DA:570,0
DA:572,0
DA:578,480
FN:578,DeployScript._deployAccountantImpl
FNDA:480,DeployScript._deployAccountantImpl
DA:579,480
DA:581,480
DA:582,0
BRDA:582,7,0,-
BRDA:582,7,1,480
DA:583,0
DA:585,480
DA:587,480
DA:592,480
FN:592,DeployScript._deploySTTrancheImpl
FNDA:480,DeployScript._deploySTTrancheImpl
DA:593,480
DA:595,480
DA:596,0
BRDA:596,8,0,-
BRDA:596,8,1,480
DA:597,0
DA:599,480
DA:601,480
DA:606,480
FN:606,DeployScript._deployJTTrancheImpl
FNDA:480,DeployScript._deployJTTrancheImpl
DA:607,480
DA:609,480
DA:610,0
BRDA:610,9,0,-
BRDA:610,9,1,480
DA:611,0
DA:613,480
DA:615,480
DA:621,480
FN:621,DeployScript._deployYDM
FNDA:480,DeployScript._deployYDM
DA:622,480
DA:623,480
DA:625,480
BRDA:625,10,0,-
BRDA:625,10,1,-
DA:626,0
DA:627,0
DA:628,480
BRDA:628,11,0,480
BRDA:628,11,1,-
DA:629,480
DA:630,480
DA:632,0
DA:635,0
DA:636,0
BRDA:636,12,0,-
BRDA:636,12,1,480
DA:637,0
DA:639,480
DA:641,0
DA:647,480
FN:647,DeployScript._deployFactory
FNDA:480,DeployScript._deployFactory
DA:648,480
DA:650,480
DA:651,0
BRDA:651,13,0,-
BRDA:651,13,1,480
DA:652,0
DA:654,480
DA:656,480
DA:660,480
FN:660,DeployScript._deployKernelImpl
FNDA:480,DeployScript._deployKernelImpl
DA:671,480
DA:675,480
BRDA:675,14,0,211
BRDA:675,14,1,-
DA:676,211
DA:677,269
BRDA:677,15,0,-
BRDA:677,15,1,-
DA:678,0
DA:679,269
BRDA:679,16,0,-
BRDA:679,16,1,-
DA:680,0
DA:681,269
BRDA:681,17,0,109
BRDA:681,17,1,-
DA:682,109
DA:683,160
BRDA:683,18,0,160
BRDA:683,18,1,-
DA:684,160
DA:686,0
DA:690,211
FN:690,DeployScript._deployERC4626STAaveV3JTInKindAssetsKernelImpl
FNDA:211,DeployScript._deployERC4626STAaveV3JTInKindAssetsKernelImpl
DA:697,211
DA:699,211
DA:703,211
DA:704,0
BRDA:704,19,0,-
BRDA:704,19,1,211
DA:705,0
DA:707,211
DA:709,211
DA:712,0
FN:712,DeployScript._deployERC4626STERC4626JTInKindAssetsKernelImpl
FNDA:0,DeployScript._deployERC4626STERC4626JTInKindAssetsKernelImpl
DA:719,0
DA:721,0
DA:725,0
DA:726,0
BRDA:726,20,0,-
BRDA:726,20,1,-
DA:727,0
DA:729,0
DA:731,0
DA:734,0
FN:734,DeployScript._deployReUSDSTReUSDJTKernelImpl
FNDA:0,DeployScript._deployReUSDSTReUSDJTKernelImpl
DA:741,0
DA:743,0
DA:748,0
DA:749,0
BRDA:749,21,0,-
BRDA:749,21,1,-
DA:750,0
DA:752,0
DA:754,0
DA:757,109
FN:757,DeployScript._deployYieldBearingERC20STYieldBearingERC20JTIdenticalAssetsChainlinkOracleQuoterKernelImpl
FNDA:109,DeployScript._deployYieldBearingERC20STYieldBearingERC20JTIdenticalAssetsChainlinkOracleQuoterKernelImpl
DA:763,109
DA:767,109
DA:768,0
BRDA:768,22,0,-
BRDA:768,22,1,109
DA:769,0
DA:771,109
DA:773,109
DA:776,160
FN:776,DeployScript._deployYieldBearingERC4626STYieldBearingERC4626JTIdenticalERC4626AssetsKernelImpl
FNDA:160,DeployScript._deployYieldBearingERC4626STYieldBearingERC4626JTIdenticalERC4626AssetsKernelImpl
DA:782,160
DA:786,160
DA:787,0
BRDA:787,23,0,-
BRDA:787,23,1,160
DA:788,0
DA:790,160
DA:792,160
DA:795,480
FN:795,DeployScript._buildKernelInitializationData
FNDA:480,DeployScript._buildKernelInitializationData
DA:806,480
DA:813,480
BRDA:813,24,0,211
BRDA:813,24,1,-
DA:814,211
DA:815,269
BRDA:815,25,0,-
BRDA:815,25,1,-
DA:816,0
DA:817,269
BRDA:817,26,0,-
BRDA:817,26,1,-
DA:818,0
DA:819,269
BRDA:819,27,0,109
BRDA:819,27,1,-
DA:820,109
DA:821,109
DA:822,109
DA:831,160
BRDA:831,28,0,160
BRDA:831,28,1,-
DA:832,160
DA:833,160
DA:834,160
DA:838,0
DA:846,480
FN:846,DeployScript._buildYDMInitializationData
FNDA:480,DeployScript._buildYDMInitializationData
DA:847,480
BRDA:847,29,0,-
BRDA:847,29,1,-
DA:848,0
DA:849,0
DA:853,480
BRDA:853,30,0,480
BRDA:853,30,1,-
DA:854,480
DA:855,480
DA:858,0
DA:862,480
FN:862,DeployScript._buildAccountantInitializationData
FNDA:480,DeployScript._buildAccountantInitializationData
DA:872,480
DA:884,480
DA:887,480
FN:887,DeployScript._buildSeniorTrancheInitializationData
FNDA:480,DeployScript._buildSeniorTrancheInitializationData
DA:897,480
DA:900,480
DA:903,480
FN:903,DeployScript._buildJuniorTrancheInitializationData
FNDA:480,DeployScript._buildJuniorTrancheInitializationData
DA:913,480
DA:916,480
DA:919,480
FN:919,DeployScript._transferFactoryOwnership
FNDA:480,DeployScript._transferFactoryOwnership
DA:921,480
DA:922,0
BRDA:922,31,0,-
DA:923,0
DA:924,0
DA:927,480
DA:930,480
DA:933,480
DA:935,480
DA:936,480
FNF:24
FNH:19
LF:319
LH:233
BRF:62
BRH:16
end_of_record
TN:
SF:src/RoycoFactory.sol
DA:30,508
FN:30,RoycoFactory.deployMarket
FNDA:508,RoycoFactory.deployMarket
DA:32,508
DA:35,495
DA:38,491
DA:41,483
DA:43,495
DA:47,2036
FN:47,RoycoFactory.predictERC1967ProxyAddress
FNDA:2036,RoycoFactory.predictERC1967ProxyAddress
DA:48,2036
DA:56,495
FN:56,RoycoFactory._deployMarket
FNDA:495,RoycoFactory._deployMarket
DA:63,495
DA:67,495
DA:71,495
DA:74,495
DA:78,495
DA:79,495
BRDA:79,0,0,-
BRDA:79,0,1,-
DA:82,494
DA:83,494
BRDA:83,1,0,-
BRDA:83,1,1,-
DA:86,493
DA:87,493
BRDA:87,2,0,-
BRDA:87,2,1,-
DA:90,492
DA:91,492
BRDA:91,3,0,-
BRDA:91,3,1,-
DA:96,491
FN:96,RoycoFactory._validateDeployment
FNDA:491,RoycoFactory._validateDeployment
DA:98,491
BRDA:98,4,0,491
BRDA:98,4,1,-
DA:99,490
BRDA:99,5,0,490
BRDA:99,5,1,-
DA:100,489
BRDA:100,6,0,489
BRDA:100,6,1,-
DA:101,489
BRDA:101,7,0,488
BRDA:101,7,1,-
DA:104,488
BRDA:104,8,0,487
BRDA:104,8,1,-
DA:105,487
BRDA:105,9,0,486
BRDA:105,9,1,-
DA:107,485
DA:109,485
BRDA:109,10,0,-
BRDA:109,10,1,-
DA:112,485
BRDA:112,11,0,484
BRDA:112,11,1,-
DA:117,508
FN:117,RoycoFactory._validateDeploymentParams
FNDA:508,RoycoFactory._validateDeploymentParams
DA:118,508
BRDA:118,12,0,-
BRDA:118,12,1,-
DA:119,507
BRDA:119,13,0,-
BRDA:119,13,1,-
DA:120,506
BRDA:120,14,0,-
BRDA:120,14,1,-
DA:121,505
BRDA:121,15,0,-
BRDA:121,15,1,-
DA:122,504
BRDA:122,16,0,-
BRDA:122,16,1,-
DA:124,503
BRDA:124,17,0,-
BRDA:124,17,1,-
DA:125,502
BRDA:125,18,0,-
BRDA:125,18,1,-
DA:126,501
BRDA:126,19,0,-
BRDA:126,19,1,-
DA:127,503
BRDA:127,20,0,-
BRDA:127,20,1,-
DA:129,501
BRDA:129,21,0,-
BRDA:129,21,1,-
DA:130,500
BRDA:130,22,0,-
BRDA:130,22,1,-
DA:132,499
BRDA:132,23,0,-
BRDA:132,23,1,-
DA:133,498
BRDA:133,24,0,-
BRDA:133,24,1,-
DA:134,497
BRDA:134,25,0,-
BRDA:134,25,1,-
DA:135,508
BRDA:135,26,0,-
BRDA:135,26,1,-
DA:143,483
FN:143,RoycoFactory._configureRoles
FNDA:483,RoycoFactory._configureRoles
DA:144,483
DA:145,1923
DA:148,1923
BRDA:148,27,0,-
BRDA:148,27,1,-
DA:151,1922
DA:152,1922
BRDA:152,28,0,1922
BRDA:152,28,1,482
DA:158,1920
DA:159,21120
DA:170,1980
FN:170,RoycoFactory._deployERC1967ProxyDeterministic
FNDA:1980,RoycoFactory._deployERC1967ProxyDeterministic
DA:171,1980
FNF:7
FNH:7
LF:57
LH:57
BRF:58
BRH:9
end_of_record
TN:
SF:src/accountant/RoycoAccountant.sol
DA:30,27764
FN:30,RoycoAccountant.onlyRoycoKernel
FNDA:27764,RoycoAccountant.onlyRoycoKernel
DA:31,27764
BRDA:31,0,0,-
BRDA:31,0,1,-
DA:37,2
FN:37,RoycoAccountant.withSyncedAccounting
FNDA:2,RoycoAccountant.withSyncedAccounting
DA:38,2
DA:47,915
FN:47,RoycoAccountant.initialize
FNDA:915,RoycoAccountant.initialize
DA:49,915
DA:52,915
BRDA:52,1,0,915
BRDA:52,1,1,913
DA:54,911
DA:56,897
DA:59,894
DA:60,894
DA:61,894
DA:62,894
DA:63,894
DA:64,894
DA:65,894
DA:66,894
DA:67,894
DA:68,894
DA:69,894
DA:70,894
DA:71,894
DA:72,894
DA:73,894
DA:74,894
DA:78,233925
FN:78,RoycoAccountant.preOpSyncTrancheAccounting
FNDA:233925,RoycoAccountant.preOpSyncTrancheAccounting
DA:88,233925
DA:91,233925
DA:92,233925
DA:93,233925
DA:96,60993
BRDA:96,2,0,60993
DA:99,60993
DA:103,233925
DA:104,233925
DA:105,233925
DA:106,233925
DA:107,233925
DA:108,233925
DA:109,233925
DA:110,233925
DA:113,233925
BRDA:113,3,0,26330
DA:114,26330
DA:115,26330
DA:116,26330
DA:119,233925
DA:123,162026
FN:123,RoycoAccountant.previewSyncTrancheAccounting
FNDA:162026,RoycoAccountant.previewSyncTrancheAccounting
DA:132,162026
DA:136,555479
FN:136,RoycoAccountant.postOpSyncTrancheAccounting
FNDA:555479,RoycoAccountant.postOpSyncTrancheAccounting
DA:147,555479
DA:148,555479
BRDA:148,4,0,141503
BRDA:148,4,1,62780
DA:150,141503
DA:151,141503
BRDA:151,5,0,-
BRDA:151,5,1,-
DA:153,141503
DA:154,413976
BRDA:154,6,0,159035
BRDA:154,6,1,62780
DA:156,159035
DA:157,159035
BRDA:157,7,0,-
BRDA:157,7,1,-
DA:159,159035
DA:163,254941
DA:164,254941
DA:166,254941
BRDA:166,8,0,127589
BRDA:166,8,1,62780
DA:167,127589
BRDA:167,9,0,127589
BRDA:167,9,1,127554
DA:170,127542
DA:172,127542
DA:174,125183
DA:175,125183
BRDA:175,10,0,34762
DA:176,34762
DA:179,125183
BRDA:179,11,0,202
DA:181,202
DA:182,202
BRDA:182,12,0,201
DA:183,201
DA:186,127352
BRDA:186,13,0,127352
DA:187,127352
BRDA:187,14,0,127352
BRDA:187,14,1,127322
DA:189,127313
DA:191,127313
DA:193,95042
DA:194,95042
BRDA:194,15,0,30225
DA:195,30225
DA:197,95042
DA:198,95042
BRDA:198,16,0,62780
DA:199,62780
DA:205,520720
DA:206,520720
DA:209,520720
DA:225,520720
BRDA:225,17,0,-
BRDA:225,17,1,-
DA:227,520720
DA:231,27763
FN:231,RoycoAccountant.postOpSyncTrancheAccountingAndEnforceCoverage
FNDA:27763,RoycoAccountant.postOpSyncTrancheAccountingAndEnforceCoverage
DA:242,27763
DA:244,27763
BRDA:244,18,0,-
BRDA:244,18,1,-
DA:260,27964
FN:260,RoycoAccountant.isCoverageRequirementSatisfied
FNDA:27964,RoycoAccountant.isCoverageRequirementSatisfied
DA:262,27964
DA:264,27964
DA:265,27964
DA:274,21561
FN:274,RoycoAccountant.maxSTDepositGivenCoverage
FNDA:21561,RoycoAccountant.maxSTDepositGivenCoverage
DA:276,21561
DA:278,21561
DA:281,21561
DA:283,21561
DA:285,21561
DA:298,70895
FN:298,RoycoAccountant.maxJTWithdrawalGivenCoverage
FNDA:70895,RoycoAccountant.maxJTWithdrawalGivenCoverage
DA:309,70895
DA:311,70895
DA:313,70895
DA:314,70895
BRDA:314,19,0,405
DA:316,70490
DA:318,70490
DA:320,70490
DA:323,70490
DA:324,70490
DA:325,70490
DA:334,70895
FN:334,RoycoAccountant._calculateSurplusJtAssetsInNav
FNDA:70895,RoycoAccountant._calculateSurplusJtAssetsInNav
DA:336,70895
DA:337,70895
DA:339,70895
DA:341,70895
DA:343,70895
DA:345,70895
DA:357,488407
FN:357,RoycoAccountant._previewSyncTrancheAccounting
FNDA:488407,RoycoAccountant._previewSyncTrancheAccounting
DA:367,488407
DA:370,488407
DA:371,488407
DA:372,488407
DA:373,488407
DA:374,488407
DA:375,488407
DA:376,488407
DA:377,488407
DA:380,488407
BRDA:380,20,0,16625
DA:381,16625
DA:385,16625
DA:390,488407
DA:391,488407
DA:395,488407
BRDA:395,21,0,45025
BRDA:395,21,1,65974
DA:397,45025
DA:398,45025
DA:399,45025
BRDA:399,22,0,42543
DA:401,42543
DA:403,42543
DA:404,42543
DA:407,45025
BRDA:407,23,0,8317
DA:409,8317
DA:411,8317
DA:414,443382
BRDA:414,24,0,120611
DA:415,120611
DA:417,120611
DA:418,120611
BRDA:418,25,0,22950
DA:420,22950
DA:422,22950
DA:423,22950
DA:426,120611
DA:427,120611
BRDA:427,26,0,43428
DA:429,43428
DA:431,43428
DA:432,43428
DA:435,120611
BRDA:435,27,0,65974
DA:437,65974
DA:439,65974
DA:444,488407
BRDA:444,28,0,47199
BRDA:444,28,1,-
DA:445,47199
DA:447,47199
DA:448,47199
BRDA:448,29,0,42188
DA:449,42188
DA:451,42188
DA:454,47199
DA:455,47199
BRDA:455,30,0,8916
DA:457,8916
DA:459,8916
DA:462,441208
BRDA:462,31,0,95211
DA:463,95211
DA:465,95211
DA:466,95211
BRDA:466,32,0,22573
DA:468,22573
DA:470,22573
DA:471,22573
DA:474,95211
DA:475,95211
BRDA:475,33,0,14864
DA:477,14864
DA:479,14864
DA:480,14864
DA:483,95211
BRDA:483,34,0,62006
DA:485,62006
DA:487,62006
DA:488,62006
BRDA:488,35,0,8638
BRDA:488,35,1,-
DA:490,8638
DA:491,8638
DA:492,8638
BRDA:492,36,0,4
DA:493,8638
DA:495,53368
DA:498,8638
BRDA:498,37,0,60599
DA:500,60599
DA:501,60599
DA:502,60599
DA:505,62006
DA:507,62006
DA:509,62006
DA:513,488407
BRDA:513,38,0,-
BRDA:513,38,1,-
DA:518,488407
DA:519,488407
BRDA:519,39,0,420882
BRDA:519,39,1,56927
DA:520,420882
DA:521,67525
BRDA:521,40,1,56927
DA:522,67525
DA:523,56929
DA:524,10598
BRDA:524,40,0,10598
DA:525,10598
DA:527,10598
DA:529,56927
DA:533,47199
DA:552,233925
FN:552,RoycoAccountant._accrueJTYieldShare
FNDA:233925,RoycoAccountant._accrueJTYieldShare
DA:554,233925
DA:557,233925
DA:558,233925
BRDA:558,41,0,41024
DA:560,41024
DA:561,41024
DA:562,41024
DA:566,192901
DA:568,192901
BRDA:568,42,0,58259
DA:571,134642
DA:573,134642
BRDA:573,43,0,1
DA:577,134642
DA:578,134642
DA:580,134642
DA:588,254482
FN:588,RoycoAccountant._previewJTYieldShareAccrual
FNDA:254482,RoycoAccountant._previewJTYieldShareAccrual
DA:590,254482
DA:593,254482
DA:594,254482
BRDA:594,44,0,7862
DA:597,246620
DA:599,246620
BRDA:599,45,0,222401
DA:602,24219
DA:603,24219
DA:605,24219
BRDA:605,46,0,1
DA:609,24219
DA:613,2
FN:613,RoycoAccountant.setYDM
FNDA:2,RoycoAccountant.setYDM
DA:615,2
DA:616,2
DA:617,2
DA:621,202
FN:621,RoycoAccountant.setSeniorTrancheProtocolFee
FNDA:202,RoycoAccountant.setSeniorTrancheProtocolFee
DA:623,202
BRDA:623,47,0,-
BRDA:623,47,1,-
DA:624,201
DA:625,202
DA:629,202
FN:629,RoycoAccountant.setJuniorTrancheProtocolFee
FNDA:202,RoycoAccountant.setJuniorTrancheProtocolFee
DA:631,202
BRDA:631,48,0,-
BRDA:631,48,1,-
DA:632,201
DA:633,202
DA:637,202
FN:637,RoycoAccountant.setCoverage
FNDA:202,RoycoAccountant.setCoverage
DA:638,202
DA:640,202
DA:641,202
DA:642,202
DA:646,201
FN:646,RoycoAccountant.setBeta
FNDA:201,RoycoAccountant.setBeta
DA:647,201
DA:649,201
DA:650,201
DA:651,201
DA:655,201
FN:655,RoycoAccountant.setLLTV
FNDA:201,RoycoAccountant.setLLTV
DA:656,201
DA:658,201
DA:659,201
DA:660,201
DA:664,203
FN:664,RoycoAccountant.setFixedTermDuration
FNDA:203,RoycoAccountant.setFixedTermDuration
DA:665,203
DA:666,203
DA:668,203
BRDA:668,49,0,12
DA:669,12
DA:670,12
DA:672,203
DA:676,5363
FN:676,RoycoAccountant.getState
FNDA:5363,RoycoAccountant.getState
DA:677,5363
DA:686,1515
FN:686,RoycoAccountant._validateCoverageConfig
FNDA:1515,RoycoAccountant._validateCoverageConfig
DA:688,1515
BRDA:688,50,0,1515
BRDA:688,50,1,1512
DA:690,1515
BRDA:690,51,0,-
BRDA:690,51,1,-
DA:719,1509
DA:720,1507
DA:721,1509
DA:722,1515
DA:724,1515
BRDA:724,52,0,1507
BRDA:724,52,1,1294
DA:732,899
FN:732,RoycoAccountant._initializeYDM
FNDA:899,RoycoAccountant._initializeYDM
DA:734,899
BRDA:734,53,0,-
BRDA:734,53,1,-
DA:736,897
BRDA:736,54,0,894
DA:737,894
DA:738,894
BRDA:738,55,0,-
BRDA:738,55,1,-
DA:747,27764
FN:747,RoycoAccountant._getRoycoAccountantStorage
FNDA:27764,RoycoAccountant._getRoycoAccountantStorage
DA:749,0
FNF:25
FNH:25
LF:281
LH:280
BRF:80
BRH:56
end_of_record
TN:
SF:src/auth/RoycoAuth.sol
DA:13,2394
FN:13,RoycoAuth.__RoycoAuth_init
FNDA:2394,RoycoAuth.__RoycoAuth_init
DA:14,2394
DA:15,0
DA:19,26
FN:19,RoycoAuth.pause
FNDA:26,RoycoAuth.pause
DA:20,0
DA:24,8
FN:24,RoycoAuth.unpause
FNDA:8,RoycoAuth.unpause
DA:25,0
FNF:3
FNH:3
LF:7
LH:4
BRF:0
BRH:0
end_of_record
TN:
SF:src/base/RoycoBase.sol
DA:19,2201
FN:19,RoycoBase.constructor
FNDA:2201,RoycoBase.constructor
DA:20,0
DA:25,2394
FN:25,RoycoBase.__RoycoBase_init
FNDA:2394,RoycoBase.__RoycoBase_init
DA:26,2394
DA:30,8
FN:30,RoycoBase._authorizeUpgrade
FNDA:8,RoycoBase._authorizeUpgrade
DA:31,8
BRDA:31,0,0,-
BRDA:31,0,1,-
FNF:3
FNH:3
LF:6
LH:5
BRF:2
BRH:0
end_of_record
TN:
SF:src/kernels/ERC4626_ST_AaveV3_JT_InKindAssets_Kernel.sol
DA:39,223
FN:39,ERC4626_ST_AaveV3_JT_InKindAssets_Kernel.initialize
FNDA:223,ERC4626_ST_AaveV3_JT_InKindAssets_Kernel.initialize
DA:41,223
DA:43,0
DA:45,0
FNF:1
FNH:1
LF:4
LH:2
BRF:0
BRH:0
end_of_record
TN:
SF:src/kernels/ERC4626_ST_ERC4626_JT_InKindAssets_Kernel.sol
DA:31,0
FN:31,ERC4626_ST_ERC4626_JT_InKindAssets_Kernel.initialize
FNDA:0,ERC4626_ST_ERC4626_JT_InKindAssets_Kernel.initialize
DA:33,0
DA:37,0
FN:37,ERC4626_ST_ERC4626_JT_InKindAssets_Kernel.stMaxWithdrawable
FNDA:0,ERC4626_ST_ERC4626_JT_InKindAssets_Kernel.stMaxWithdrawable
DA:44,0
DA:48,0
FN:48,ERC4626_ST_ERC4626_JT_InKindAssets_Kernel.jtMaxWithdrawable
FNDA:0,ERC4626_ST_ERC4626_JT_InKindAssets_Kernel.jtMaxWithdrawable
DA:55,0
FNF:3
FNH:0
LF:6
LH:0
BRF:0
BRH:0
end_of_record
TN:
SF:src/kernels/ReUSD_ST_ReUSD_JT_Kernel.sol
DA:36,0
FN:36,ReUSD_ST_ReUSD_JT_Kernel.constructor
FNDA:0,ReUSD_ST_ReUSD_JT_Kernel.constructor
DA:45,0
BRDA:45,0,0,-
BRDA:45,0,1,-
DA:46,0
DA:47,0
DA:48,0
DA:55,0
FN:55,ReUSD_ST_ReUSD_JT_Kernel.initialize
FNDA:0,ReUSD_ST_ReUSD_JT_Kernel.initialize
DA:57,0
DA:61,0
FN:61,ReUSD_ST_ReUSD_JT_Kernel._getConversionRateFromOracle
FNDA:0,ReUSD_ST_ReUSD_JT_Kernel._getConversionRateFromOracle
DA:64,0
FNF:3
FNH:0
LF:9
LH:0
BRF:2
BRH:0
end_of_record
TN:
SF:src/kernels/YieldBearingERC20_ST_YieldBearingERC20_JT_IdenticalAssetsChainlinkOracleQuoter_Kernel.sol
DA:35,109
FN:35,YieldBearingERC20_ST_YieldBearingERC20_JT_IdenticalAssetsChainlinkOracleQuoter_Kernel.initialize
FNDA:109,YieldBearingERC20_ST_YieldBearingERC20_JT_IdenticalAssetsChainlinkOracleQuoter_Kernel.initialize
DA:45,109
DA:47,109
DA:49,109
DA:52,0
FN:52,YieldBearingERC20_ST_YieldBearingERC20_JT_IdenticalAssetsChainlinkOracleQuoter_Kernel._getConversionRateFromOracle
FNDA:0,YieldBearingERC20_ST_YieldBearingERC20_JT_IdenticalAssetsChainlinkOracleQuoter_Kernel._getConversionRateFromOracle
DA:53,0
FNF:2
FNH:1
LF:6
LH:4
BRF:0
BRH:0
end_of_record
TN:
SF:src/kernels/YieldBearingERC4626_ST_YieldBearingERC4626_JT_IdenticalERC4626Assets_Kernel.sol
DA:33,160
FN:33,YieldBearingERC4626_ST_YieldBearingERC4626_JT_IdenticalERC4626Assets_Kernel.initialize
FNDA:160,YieldBearingERC4626_ST_YieldBearingERC4626_JT_IdenticalERC4626Assets_Kernel.initialize
DA:35,160
DA:37,160
DA:40,0
FN:40,YieldBearingERC4626_ST_YieldBearingERC4626_JT_IdenticalERC4626Assets_Kernel._getConversionRateFromOracle
FNDA:0,YieldBearingERC4626_ST_YieldBearingERC4626_JT_IdenticalERC4626Assets_Kernel._getConversionRateFromOracle
DA:41,0
FNF:2
FNH:1
LF:5
LH:3
BRF:0
BRH:0
end_of_record
TN:
SF:src/kernels/base/RoycoKernel.sol
DA:42,4459
FN:42,RoycoKernel.onlySeniorTranche
FNDA:4459,RoycoKernel.onlySeniorTranche
DA:43,4459
BRDA:43,0,0,-
BRDA:43,0,1,-
DA:50,8944
FN:50,RoycoKernel.onlyJuniorTranche
FNDA:8944,RoycoKernel.onlyJuniorTranche
DA:51,8944
BRDA:51,1,0,-
BRDA:51,1,1,-
DA:61,8944
FN:61,RoycoKernel.checkJTRedemptionRequestId
FNDA:8944,RoycoKernel.checkJTRedemptionRequestId
DA:62,8944
DA:63,8944
BRDA:63,2,0,-
BRDA:63,2,1,-
DA:69,8944
FN:69,RoycoKernel.withQuoterCache
FNDA:8944,RoycoKernel.withQuoterCache
DA:70,0
DA:72,0
DA:81,502
FN:81,RoycoKernel.constructor
FNDA:502,RoycoKernel.constructor
DA:83,502
BRDA:83,3,0,502
BRDA:83,3,1,502
DA:89,502
DA:90,502
DA:91,502
DA:92,502
DA:100,492
FN:100,RoycoKernel.__RoycoKernel_init
FNDA:492,RoycoKernel.__RoycoKernel_init
DA:102,492
DA:106,492
BRDA:106,4,0,492
BRDA:106,4,1,-
DA:111,492
BRDA:111,5,0,492
BRDA:111,5,1,492
DA:113,492
DA:115,492
DA:116,492
DA:120,492
FN:120,RoycoKernel.getState
FNDA:492,RoycoKernel.getState
DA:134,492
DA:135,492
DA:160,20957
FN:160,RoycoKernel.stMaxDeposit
FNDA:20957,RoycoKernel.stMaxDeposit
DA:162,20957
DA:163,20957
DA:168,5658
FN:168,RoycoKernel.stMaxWithdrawable
FNDA:5658,RoycoKernel.stMaxWithdrawable
DA:175,5658
DA:178,5658
BRDA:178,6,0,402
DA:179,402
DA:183,5256
DA:184,5256
DA:187,5256
DA:188,5256
DA:193,608
FN:193,RoycoKernel.jtMaxDeposit
FNDA:608,RoycoKernel.jtMaxDeposit
DA:195,608
DA:196,608
BRDA:196,7,0,-
DA:197,0
DA:200,608
DA:205,70490
FN:205,RoycoKernel.jtMaxWithdrawable
FNDA:70490,RoycoKernel.jtMaxWithdrawable
DA:213,70490
DA:216,70490
DA:224,70490
DA:225,70490
DA:228,70490
DA:229,70490
DA:237,10728
FN:237,RoycoKernel.syncTrancheAccounting
FNDA:10728,RoycoKernel.syncTrancheAccounting
DA:247,10728
DA:251,159479
FN:251,RoycoKernel.previewSyncTrancheAccounting
FNDA:159479,RoycoKernel.previewSyncTrancheAccounting
DA:259,159479
DA:262,159479
DA:265,159479
DA:269,159479
BRDA:269,8,0,37517
BRDA:269,8,1,-
DA:270,37517
DA:272,121962
DA:277,7
FN:277,RoycoKernel.currentMarketUtilization
FNDA:7,RoycoKernel.currentMarketUtilization
DA:278,7
DA:279,7
DA:281,7
DA:290,19653
FN:290,RoycoKernel.stDeposit
FNDA:19653,RoycoKernel.stDeposit
DA:305,19653
DA:308,19653
DA:311,19653
DA:313,19653
DA:318,4459
FN:318,RoycoKernel.stRedeem
FNDA:4459,RoycoKernel.stRedeem
DA:333,4459
DA:335,4459
DA:336,4459
DA:337,4459
DA:340,4459
BRDA:340,9,0,-
BRDA:340,9,1,-
DA:345,4459
DA:348,4459
DA:351,4459
DA:360,39579
FN:360,RoycoKernel.jtDeposit
FNDA:39579,RoycoKernel.jtDeposit
DA:375,39579
DA:376,39579
DA:379,39579
BRDA:379,10,0,-
BRDA:379,10,1,-
DA:382,39579
DA:385,39578
DA:387,39579
DA:391,0
FN:391,RoycoKernel.jtPreviewRedeem
FNDA:0,RoycoKernel.jtPreviewRedeem
DA:392,0
DA:397,14589
FN:397,RoycoKernel.jtRequestRedeem
FNDA:14589,RoycoKernel.jtRequestRedeem
DA:411,14589
DA:415,14589
DA:418,14589
DA:419,14589
DA:420,14589
DA:424,14589
DA:425,14589
DA:426,14589
DA:429,14589
DA:433,12756
FN:433,RoycoKernel.jtPendingRedeemRequest
FNDA:12756,RoycoKernel.jtPendingRedeemRequest
DA:434,12756
DA:436,12756
BRDA:436,11,0,8369
DA:438,4387
DA:442,27059
FN:442,RoycoKernel.jtClaimableRedeemRequest
FNDA:27059,RoycoKernel.jtClaimableRedeemRequest
DA:444,27059
DA:445,27059
DA:449,1006
FN:449,RoycoKernel.jtCancelRedeemRequest
FNDA:1006,RoycoKernel.jtCancelRedeemRequest
DA:461,1006
DA:463,1006
BRDA:463,12,0,-
BRDA:463,12,1,-
DA:465,1006
BRDA:465,13,0,-
BRDA:465,13,1,-
DA:467,1006
DA:471,201
FN:471,RoycoKernel.jtPendingCancelRedeemRequest
FNDA:201,RoycoKernel.jtPendingCancelRedeemRequest
DA:473,201
DA:477,2209
FN:477,RoycoKernel.jtClaimableCancelRedeemRequest
FNDA:2209,RoycoKernel.jtClaimableCancelRedeemRequest
DA:478,2209
DA:480,2209
BRDA:480,14,0,1205
DA:482,1004
DA:486,1005
FN:486,RoycoKernel.jtClaimCancelRedeemRequest
FNDA:1005,RoycoKernel.jtClaimCancelRedeemRequest
DA:499,1005
DA:500,1005
DA:502,1005
BRDA:502,15,0,-
BRDA:502,15,1,-
DA:504,1005
DA:511,8944
FN:511,RoycoKernel.jtRedeem
FNDA:8944,RoycoKernel.jtRedeem
DA:527,8944
DA:528,8944
DA:529,8944
DA:531,8944
DA:532,8944
DA:535,8944
DA:536,8944
BRDA:536,16,0,-
BRDA:536,16,1,-
DA:539,8944
DA:540,7359
DA:543,7359
DA:546,7359
DA:548,7359
BRDA:548,17,0,6956
BRDA:548,17,1,403
DA:552,403
DA:553,403
DA:557,8944
DA:560,8944
DA:563,7359
DA:565,7359
DA:573,2
FN:573,RoycoKernel.setProtocolFeeRecipient
FNDA:2,RoycoKernel.setProtocolFeeRecipient
DA:574,2
BRDA:574,18,0,-
BRDA:574,18,1,-
DA:575,1
DA:576,2
DA:580,1
FN:580,RoycoKernel.setJuniorTrancheRedemptionDelay
FNDA:1,RoycoKernel.setJuniorTrancheRedemptionDelay
DA:581,1
DA:582,1
DA:593,162022
FN:593,RoycoKernel._previewSyncTrancheAccounting
FNDA:162022,RoycoKernel._previewSyncTrancheAccounting
DA:595,162022
DA:607,27992
FN:607,RoycoKernel._preOpSyncTrancheAccounting.0
FNDA:27992,RoycoKernel._preOpSyncTrancheAccounting.0
DA:613,27992
DA:616,27992
DA:617,27992
DA:618,27992
DA:619,27992
DA:621,27992
BRDA:621,19,0,4459
DA:622,4459
DA:626,27992
BRDA:626,20,0,23533
DA:627,23533
DA:632,27992
DA:635,27992
DA:638,27992
DA:647,69960
FN:647,RoycoKernel._preOpSyncTrancheAccounting.1
FNDA:69960,RoycoKernel._preOpSyncTrancheAccounting.1
DA:649,69960
DA:652,69960
DA:653,69960
BRDA:653,21,0,6463
DA:654,6463
DA:656,6463
BRDA:656,22,0,3240
DA:657,3240
DA:660,6463
BRDA:660,23,0,6463
DA:661,6463
DA:672,44037
FN:672,RoycoKernel._postOpSyncTrancheAccounting
FNDA:44037,RoycoKernel._postOpSyncTrancheAccounting
DA:674,44037
DA:683,27012
FN:683,RoycoKernel._postOpSyncTrancheAccountingAndEnforceCoverage
FNDA:27012,RoycoKernel._postOpSyncTrancheAccountingAndEnforceCoverage
DA:685,27012
DA:696,187471
FN:696,RoycoKernel._decomposeNAVClaims
FNDA:187471,RoycoKernel._decomposeNAVClaims
DA:703,187471
DA:704,187471
DA:707,187471
DA:708,187471
DA:722,187471
FN:722,RoycoKernel._marshalAssetClaims
FNDA:187471,RoycoKernel._marshalAssetClaims
DA:736,187471
BRDA:736,24,0,41976
BRDA:736,24,1,141468
DA:737,41976
BRDA:737,25,0,29107
DA:738,41976
BRDA:738,26,0,4238
DA:739,41976
DA:741,145495
BRDA:741,27,0,15455
DA:742,145495
BRDA:742,28,0,141468
DA:743,145495
DA:756,11818
FN:756,RoycoKernel._withdrawAssets
FNDA:11818,RoycoKernel._withdrawAssets
DA:757,11818
DA:758,11818
DA:760,11818
BRDA:760,29,0,5263
DA:761,11818
BRDA:761,30,0,7359
DA:770,2842
FN:770,RoycoKernel._previewRedeem
FNDA:2842,RoycoKernel._previewRedeem
DA:772,2842
DA:773,2842
DA:776,2842
DA:777,2842
DA:778,2842
DA:786,36003
FN:786,RoycoKernel._getRedeemableSharesForRequest
FNDA:36003,RoycoKernel._getRedeemableSharesForRequest
DA:788,36003
BRDA:788,31,0,10552
DA:790,25451
DA:797,422477
FN:797,RoycoKernel._accountant
FNDA:422477,RoycoKernel._accountant
DA:798,422477
FNF:39
FNH:38
LF:201
LH:196
BRF:48
BRH:25
end_of_record
TN:
SF:src/kernels/base/junior/AaveV3_JT_Kernel.sol
DA:45,211
FN:45,AaveV3_JT_Kernel.constructor
FNDA:211,AaveV3_JT_Kernel.constructor
DA:47,211
BRDA:47,0,0,-
BRDA:47,0,1,-
DA:51,211
DA:52,211
BRDA:52,1,0,-
BRDA:52,1,1,-
DA:55,211
DA:56,211
DA:60,223
FN:60,AaveV3_JT_Kernel.__AaveV3_JT_Kernel_init_unchained
FNDA:223,AaveV3_JT_Kernel.__AaveV3_JT_Kernel_init_unchained
DA:62,223
DA:66,1330
FN:66,AaveV3_JT_Kernel.jtPreviewDeposit
FNDA:1330,AaveV3_JT_Kernel.jtPreviewDeposit
DA:74,1330
DA:75,1330
DA:79,77101
FN:79,AaveV3_JT_Kernel._getJuniorTrancheRawNAV
FNDA:77101,AaveV3_JT_Kernel._getJuniorTrancheRawNAV
DA:82,77101
DA:86,204
FN:86,AaveV3_JT_Kernel._jtMaxDepositGlobally
FNDA:204,AaveV3_JT_Kernel._jtMaxDepositGlobally
DA:88,204
DA:91,204
DA:92,204
BRDA:92,2,0,-
DA:95,204
DA:96,204
BRDA:96,3,0,-
DA:99,204
DA:100,204
DA:102,204
DA:105,204
DA:117,204
FN:117,AaveV3_JT_Kernel._getTotalAccruedToTreasuryAndLent
FNDA:204,AaveV3_JT_Kernel._getTotalAccruedToTreasuryAndLent
DA:125,204
DA:126,204
DA:129,0
DA:130,0
DA:133,0
DA:137,0
DA:138,0
DA:140,204
BRDA:140,4,0,-
BRDA:140,4,1,-
DA:144,19150
FN:144,AaveV3_JT_Kernel._jtMaxWithdrawableGlobally
FNDA:19150,AaveV3_JT_Kernel._jtMaxWithdrawableGlobally
DA:146,19150
DA:149,19150
DA:150,19150
BRDA:150,5,0,-
DA:153,19150
DA:157,401
FN:157,AaveV3_JT_Kernel._jtPreviewWithdraw
FNDA:401,AaveV3_JT_Kernel._jtPreviewWithdraw
DA:158,401
DA:162,4576
FN:162,AaveV3_JT_Kernel._jtDepositAssets
FNDA:4576,AaveV3_JT_Kernel._jtDepositAssets
DA:165,4576
DA:169,2971
FN:169,AaveV3_JT_Kernel._jtWithdrawAssets
FNDA:2971,AaveV3_JT_Kernel._jtWithdrawAssets
DA:171,2971
DA:172,2971
BRDA:172,6,0,2971
DA:175,0
FNF:10
FNH:10
LF:45
LH:39
BRF:10
BRH:1
end_of_record
TN:
SF:src/kernels/base/junior/ERC4626_JT_Kernel.sol
DA:35,0
FN:35,ERC4626_JT_Kernel.constructor
FNDA:0,ERC4626_JT_Kernel.constructor
DA:37,0
BRDA:37,0,0,-
BRDA:37,0,1,-
DA:40,0
DA:44,0
FN:44,ERC4626_JT_Kernel.__ERC4626_JT_Kernel_init_unchained
FNDA:0,ERC4626_JT_Kernel.__ERC4626_JT_Kernel_init_unchained
DA:46,0
DA:50,0
FN:50,ERC4626_JT_Kernel.jtPreviewDeposit
FNDA:0,ERC4626_JT_Kernel.jtPreviewDeposit
DA:52,0
DA:55,0
DA:58,0
DA:59,0
DA:63,0
FN:63,ERC4626_JT_Kernel._getJuniorTrancheRawNAV
FNDA:0,ERC4626_JT_Kernel._getJuniorTrancheRawNAV
DA:64,0
DA:67,0
DA:68,0
DA:72,0
FN:72,ERC4626_JT_Kernel._jtMaxDepositGlobally
FNDA:0,ERC4626_JT_Kernel._jtMaxDepositGlobally
DA:74,0
DA:78,0
FN:78,ERC4626_JT_Kernel._jtMaxWithdrawableGlobally
FNDA:0,ERC4626_JT_Kernel._jtMaxWithdrawableGlobally
DA:80,0
DA:84,0
FN:84,ERC4626_JT_Kernel._jtPreviewWithdraw
FNDA:0,ERC4626_JT_Kernel._jtPreviewWithdraw
DA:86,0
DA:88,0
DA:92,0
FN:92,ERC4626_JT_Kernel._jtDepositAssets
FNDA:0,ERC4626_JT_Kernel._jtDepositAssets
DA:94,0
DA:95,0
DA:99,0
FN:99,ERC4626_JT_Kernel._jtWithdrawAssets
FNDA:0,ERC4626_JT_Kernel._jtWithdrawAssets
DA:100,0
DA:102,0
DA:104,0
BRDA:104,1,0,-
BRDA:104,1,1,-
DA:105,0
DA:109,0
DA:110,0
DA:111,0
FNF:9
FNH:0
LF:32
LH:0
BRF:4
BRH:0
end_of_record
TN:
SF:src/kernels/base/junior/YieldBearingERC20_JT_Kernel.sol
DA:26,402
FN:26,YieldBearingERC20_JT_Kernel.jtPreviewDeposit
FNDA:402,YieldBearingERC20_JT_Kernel.jtPreviewDeposit
DA:28,402
DA:29,402
DA:33,274879
FN:33,YieldBearingERC20_JT_Kernel._getJuniorTrancheRawNAV
FNDA:274879,YieldBearingERC20_JT_Kernel._getJuniorTrancheRawNAV
DA:35,274879
DA:39,404
FN:39,YieldBearingERC20_JT_Kernel._jtMaxDepositGlobally
FNDA:404,YieldBearingERC20_JT_Kernel._jtMaxDepositGlobally
DA:41,404
DA:45,56596
FN:45,YieldBearingERC20_JT_Kernel._jtMaxWithdrawableGlobally
FNDA:56596,YieldBearingERC20_JT_Kernel._jtMaxWithdrawableGlobally
DA:47,56596
DA:51,2441
FN:51,YieldBearingERC20_JT_Kernel._jtPreviewWithdraw
FNDA:2441,YieldBearingERC20_JT_Kernel._jtPreviewWithdraw
DA:53,2441
DA:57,35003
FN:57,YieldBearingERC20_JT_Kernel._jtDepositAssets
FNDA:35003,YieldBearingERC20_JT_Kernel._jtDepositAssets
DA:59,35003
DA:60,35003
DA:64,4388
FN:64,YieldBearingERC20_JT_Kernel._jtWithdrawAssets
FNDA:4388,YieldBearingERC20_JT_Kernel._jtWithdrawAssets
DA:66,4388
DA:67,4388
DA:70,4388
FNF:7
FNH:7
LF:18
LH:18
BRF:0
BRH:0
end_of_record
TN:
SF:src/kernels/base/quoter/IdenticalAssetsAdminOracleQuoter.sol
DA:23,0
FN:23,IdenticalAssetsAdminOracleQuoter.__IdenticalAssetsAdminOracleQuoter_init
FNDA:0,IdenticalAssetsAdminOracleQuoter.__IdenticalAssetsAdminOracleQuoter_init
DA:25,0
BRDA:25,0,0,-
BRDA:25,0,1,-
DA:27,0
DA:32,0
FN:32,IdenticalAssetsAdminOracleQuoter.setConversionRate
FNDA:0,IdenticalAssetsAdminOracleQuoter.setConversionRate
DA:34,0
BRDA:34,1,0,-
BRDA:34,1,1,-
DA:36,0
DA:40,0
FN:40,IdenticalAssetsAdminOracleQuoter._getConversionRateFromOracle
FNDA:0,IdenticalAssetsAdminOracleQuoter._getConversionRateFromOracle
DA:41,0
FNF:3
FNH:0
LF:8
LH:0
BRF:4
BRH:0
end_of_record
TN:
SF:src/kernels/base/quoter/IdenticalAssetsChainlinkOracleQuoter.sol
DA:57,109
FN:57,IdenticalAssetsChainlinkOracleQuoter.__IdenticalAssetsChainlinkOracleQuoter_init
FNDA:109,IdenticalAssetsChainlinkOracleQuoter.__IdenticalAssetsChainlinkOracleQuoter_init
DA:64,109
DA:73,414092
FN:73,IdenticalAssetsChainlinkOracleQuoter.getTrancheUnitToNAVUnitConversionRate
FNDA:414092,IdenticalAssetsChainlinkOracleQuoter.getTrancheUnitToNAVUnitConversionRate
DA:75,414092
DA:78,414092
DA:79,414092
BRDA:79,0,0,-
DA:82,0
DA:87,414092
DA:95,0
FN:95,IdenticalAssetsChainlinkOracleQuoter.setTrancheAssetToReferenceAssetOracle
FNDA:0,IdenticalAssetsChainlinkOracleQuoter.setTrancheAssetToReferenceAssetOracle
DA:96,0
DA:105,414092
FN:105,IdenticalAssetsChainlinkOracleQuoter._queryChainlinkOracle
FNDA:414092,IdenticalAssetsChainlinkOracleQuoter._queryChainlinkOracle
DA:106,414092
DA:108,414092
DA:109,414092
DA:111,414092
BRDA:111,1,0,-
BRDA:111,1,1,-
DA:112,414092
BRDA:112,2,0,-
BRDA:112,2,1,-
DA:113,414092
BRDA:113,3,0,-
BRDA:113,3,1,-
DA:116,414092
DA:117,414092
DA:125,109
FN:125,IdenticalAssetsChainlinkOracleQuoter._setTrancheAssetToReferenceAssetOracle
FNDA:109,IdenticalAssetsChainlinkOracleQuoter._setTrancheAssetToReferenceAssetOracle
DA:126,109
BRDA:126,4,0,-
BRDA:126,4,1,-
DA:127,109
BRDA:127,5,0,-
BRDA:127,5,1,-
DA:129,109
DA:130,109
DA:131,109
DA:132,109
DA:140,109
FN:140,IdenticalAssetsChainlinkOracleQuoter._getIdenticalAssetsChainlinkOracleQuoterStorage
FNDA:109,IdenticalAssetsChainlinkOracleQuoter._getIdenticalAssetsChainlinkOracleQuoterStorage
DA:142,0
FNF:6
FNH:5
LF:28
LH:24
BRF:11
BRH:0
end_of_record
TN:
SF:src/kernels/base/quoter/IdenticalERC4626AssetsOracleQuoter.sol
DA:23,411727
FN:23,IdenticalERC4626AssetsOracleQuoter.getTrancheUnitToNAVUnitConversionRate
FNDA:411727,IdenticalERC4626AssetsOracleQuoter.getTrancheUnitToNAVUnitConversionRate
DA:25,411727
DA:28,411727
DA:29,411727
BRDA:29,0,0,-
DA:32,0
DA:36,411727
FNF:1
FNH:1
LF:6
LH:5
BRF:1
BRH:0
end_of_record
TN:
SF:src/kernels/base/quoter/InKindAssetsQuoter.sol
DA:30,211
FN:30,InKindAssetsQuoter.constructor
FNDA:211,InKindAssetsQuoter.constructor
DA:32,211
DA:33,211
DA:34,211
BRDA:34,0,0,211
BRDA:34,0,1,211
DA:38,211
DA:39,211
DA:44,136558
FN:44,InKindAssetsQuoter.stConvertTrancheUnitsToNAVUnits
FNDA:136558,InKindAssetsQuoter.stConvertTrancheUnitsToNAVUnits
DA:45,136558
DA:50,140577
FN:50,InKindAssetsQuoter.jtConvertTrancheUnitsToNAVUnits
FNDA:140577,InKindAssetsQuoter.jtConvertTrancheUnitsToNAVUnits
DA:51,140577
DA:56,7540
FN:56,InKindAssetsQuoter.stConvertNAVUnitsToTrancheUnits
FNDA:7540,InKindAssetsQuoter.stConvertNAVUnitsToTrancheUnits
DA:57,7540
DA:62,42645
FN:62,InKindAssetsQuoter.jtConvertNAVUnitsToTrancheUnits
FNDA:42645,InKindAssetsQuoter.jtConvertNAVUnitsToTrancheUnits
DA:63,42645
DA:70,0
FN:70,InKindAssetsQuoter._initializeQuoterCache
FNDA:0,InKindAssetsQuoter._initializeQuoterCache
DA:76,0
FN:76,InKindAssetsQuoter._clearQuoterCache
FNDA:0,InKindAssetsQuoter._clearQuoterCache
FNF:7
FNH:5
LF:16
LH:14
BRF:2
BRH:2
end_of_record
TN:
SF:src/kernels/base/quoter/base/IdenticalAssetsOracleQuoter.sol
DA:46,291
FN:46,IdenticalAssetsOracleQuoter.constructor
FNDA:291,IdenticalAssetsOracleQuoter.constructor
DA:48,291
BRDA:48,0,0,-
BRDA:48,0,1,-
DA:55,269
FN:55,IdenticalAssetsOracleQuoter.__IdenticalAssetsOracleQuoter_init_unchained
FNDA:269,IdenticalAssetsOracleQuoter.__IdenticalAssetsOracleQuoter_init_unchained
DA:57,269
BRDA:57,1,0,-
DA:58,269
DA:59,269
DA:67,84366
FN:67,IdenticalAssetsOracleQuoter._initializeQuoterCache
FNDA:84366,IdenticalAssetsOracleQuoter._initializeQuoterCache
DA:69,84366
DA:77,83573
FN:77,IdenticalAssetsOracleQuoter._clearQuoterCache
FNDA:83573,IdenticalAssetsOracleQuoter._clearQuoterCache
DA:78,83573
DA:82,443063
FN:82,IdenticalAssetsOracleQuoter.stConvertTrancheUnitsToNAVUnits
FNDA:443063,IdenticalAssetsOracleQuoter.stConvertTrancheUnitsToNAVUnits
DA:83,443063
DA:87,444461
FN:87,IdenticalAssetsOracleQuoter.jtConvertTrancheUnitsToNAVUnits
FNDA:444461,IdenticalAssetsOracleQuoter.jtConvertTrancheUnitsToNAVUnits
DA:88,444461
DA:92,58187
FN:92,IdenticalAssetsOracleQuoter.stConvertNAVUnitsToTrancheUnits
FNDA:58187,IdenticalAssetsOracleQuoter.stConvertNAVUnitsToTrancheUnits
DA:93,58187
DA:97,104069
FN:97,IdenticalAssetsOracleQuoter.jtConvertNAVUnitsToTrancheUnits
FNDA:104069,IdenticalAssetsOracleQuoter.jtConvertNAVUnitsToTrancheUnits
DA:98,104069
DA:107,4639
FN:107,IdenticalAssetsOracleQuoter.setConversionRate
FNDA:4639,IdenticalAssetsOracleQuoter.setConversionRate
DA:108,4639
DA:109,4639
DA:115,0
FN:115,IdenticalAssetsOracleQuoter.getTrancheUnitToNAVUnitConversionRate
FNDA:0,IdenticalAssetsOracleQuoter.getTrancheUnitToNAVUnitConversionRate
DA:117,0
DA:118,0
BRDA:118,2,0,-
DA:119,0
DA:124,831666
FN:124,IdenticalAssetsOracleQuoter.getStoredConversionRateRAY
FNDA:831666,IdenticalAssetsOracleQuoter.getStoredConversionRateRAY
DA:125,831666
DA:134,1049780
FN:134,IdenticalAssetsOracleQuoter._getCachedTrancheUnitToNAVUnitConversionRateFromCache
FNDA:1049780,IdenticalAssetsOracleQuoter._getCachedTrancheUnitToNAVUnitConversionRateFromCache
DA:135,1049780
DA:137,1049780
BRDA:137,3,0,308327
DA:138,308327
DA:141,741453
DA:153,887524
FN:153,IdenticalAssetsOracleQuoter._convertTrancheUnitsToNAVUnits
FNDA:887524,IdenticalAssetsOracleQuoter._convertTrancheUnitsToNAVUnits
DA:154,887524
DA:158,162256
FN:158,IdenticalAssetsOracleQuoter._convertNAVUnitsToTrancheUnits
FNDA:162256,IdenticalAssetsOracleQuoter._convertNAVUnitsToTrancheUnits
DA:159,162256
DA:167,831666
FN:167,IdenticalAssetsOracleQuoter._getIdenticalAssetsOracleQuoterStorage
FNDA:831666,IdenticalAssetsOracleQuoter._getIdenticalAssetsOracleQuoterStorage
DA:169,0
FNF:15
FNH:14
LF:38
LH:33
BRF:5
BRH:1
end_of_record
TN:
SF:src/kernels/base/recipe/ERC4626_ST_ERC4626_JT_Kernel.sol
DA:40,0
FN:40,ERC4626_ST_ERC4626_JT_Kernel.__ERC4626_ST_ERC4626_JT_Kernel_init
FNDA:0,ERC4626_ST_ERC4626_JT_Kernel.__ERC4626_ST_ERC4626_JT_Kernel_init
DA:42,0
DA:44,0
DA:46,0
DA:51,0
FN:51,ERC4626_ST_ERC4626_JT_Kernel.stMaxWithdrawable
FNDA:0,ERC4626_ST_ERC4626_JT_Kernel.stMaxWithdrawable
DA:59,0
BRDA:59,0,0,-
DA:61,0
DA:64,0
BRDA:64,1,0,-
DA:65,0
DA:69,0
DA:70,0
BRDA:70,2,0,-
DA:71,0
DA:72,0
DA:76,0
DA:77,0
DA:78,0
DA:83,0
FN:83,ERC4626_ST_ERC4626_JT_Kernel.jtMaxWithdrawable
FNDA:0,ERC4626_ST_ERC4626_JT_Kernel.jtMaxWithdrawable
DA:91,0
BRDA:91,3,0,-
DA:94,0
DA:95,0
DA:96,0
BRDA:96,4,0,-
DA:99,0
DA:107,0
DA:108,0
DA:112,0
DA:113,0
DA:116,0
FNF:3
FNH:0
LF:27
LH:0
BRF:5
BRH:0
end_of_record
TN:
SF:src/kernels/base/recipe/YieldBearingERC20_ST_YieldBearingERC20_JT_IdenticalAssetsOracleQuoter_Kernel.sol
DA:30,0
FN:30,YieldBearingERC20_ST_YieldBearingERC20_JT_IdenticalAssetsOracleQuoter_Kernel.__YieldBearingERC20_ST_YieldBearingERC20_JT_IdenticalAssetsOracleQuoter_Kernel_init
FNDA:0,YieldBearingERC20_ST_YieldBearingERC20_JT_IdenticalAssetsOracleQuoter_Kernel.__YieldBearingERC20_ST_YieldBearingERC20_JT_IdenticalAssetsOracleQuoter_Kernel_init
DA:38,0
DA:40,0
FNF:1
FNH:0
LF:3
LH:0
BRF:0
BRH:0
end_of_record
TN:
SF:src/kernels/base/senior/ERC4626_ST_Kernel.sol
DA:39,211
FN:39,ERC4626_ST_Kernel.constructor
FNDA:211,ERC4626_ST_Kernel.constructor
DA:41,211
BRDA:41,0,0,211
BRDA:41,0,1,-
DA:44,211
DA:48,223
FN:48,ERC4626_ST_Kernel.__ERC4626_ST_Kernel_init_unchained
FNDA:223,ERC4626_ST_Kernel.__ERC4626_ST_Kernel_init_unchained
DA:50,223
DA:54,402
FN:54,ERC4626_ST_Kernel.stPreviewDeposit
FNDA:402,ERC4626_ST_Kernel.stPreviewDeposit
DA:56,402
DA:59,402
DA:62,402
DA:63,402
DA:67,401
FN:67,ERC4626_ST_Kernel.stPreviewRedeem
FNDA:401,ERC4626_ST_Kernel.stPreviewRedeem
DA:68,401
DA:72,77101
FN:72,ERC4626_ST_Kernel._getSeniorTrancheRawNAV
FNDA:77101,ERC4626_ST_Kernel._getSeniorTrancheRawNAV
DA:73,77101
DA:76,77101
DA:77,77101
DA:81,1844
FN:81,ERC4626_ST_Kernel._stMaxDepositGlobally
FNDA:1844,ERC4626_ST_Kernel._stMaxDepositGlobally
DA:83,1844
DA:87,19150
FN:87,ERC4626_ST_Kernel._stMaxWithdrawableGlobally
FNDA:19150,ERC4626_ST_Kernel._stMaxWithdrawableGlobally
DA:89,19150
DA:93,401
FN:93,ERC4626_ST_Kernel._stPreviewWithdraw
FNDA:401,ERC4626_ST_Kernel._stPreviewWithdraw
DA:95,401
DA:97,401
DA:101,2607
FN:101,ERC4626_ST_Kernel._stDepositAssets
FNDA:2607,ERC4626_ST_Kernel._stDepositAssets
DA:103,2607
DA:104,2607
DA:108,414
FN:108,ERC4626_ST_Kernel._stWithdrawAssets
FNDA:414,ERC4626_ST_Kernel._stWithdrawAssets
DA:109,414
DA:111,414
DA:113,414
BRDA:113,1,0,414
BRDA:113,1,1,-
DA:114,414
DA:118,0
DA:119,0
DA:120,0
FNF:10
FNH:10
LF:34
LH:31
BRF:4
BRH:2
end_of_record
TN:
SF:src/kernels/base/senior/YieldBearingERC20_ST_Kernel.sol
DA:32,402
FN:32,YieldBearingERC20_ST_Kernel.stPreviewDeposit
FNDA:402,YieldBearingERC20_ST_Kernel.stPreviewDeposit
DA:34,402
DA:35,402
DA:39,2441
FN:39,YieldBearingERC20_ST_Kernel.stPreviewRedeem
FNDA:2441,YieldBearingERC20_ST_Kernel.stPreviewRedeem
DA:40,2441
DA:44,274879
FN:44,YieldBearingERC20_ST_Kernel._getSeniorTrancheRawNAV
FNDA:274879,YieldBearingERC20_ST_Kernel._getSeniorTrancheRawNAV
DA:46,274879
DA:50,19113
FN:50,YieldBearingERC20_ST_Kernel._stMaxDepositGlobally
FNDA:19113,YieldBearingERC20_ST_Kernel._stMaxDepositGlobally
DA:52,19113
DA:56,56596
FN:56,YieldBearingERC20_ST_Kernel._stMaxWithdrawableGlobally
FNDA:56596,YieldBearingERC20_ST_Kernel._stMaxWithdrawableGlobally
DA:58,56596
DA:62,2441
FN:62,YieldBearingERC20_ST_Kernel._stPreviewWithdraw
FNDA:2441,YieldBearingERC20_ST_Kernel._stPreviewWithdraw
DA:64,2441
DA:68,17046
FN:68,YieldBearingERC20_ST_Kernel._stDepositAssets
FNDA:17046,YieldBearingERC20_ST_Kernel._stDepositAssets
DA:70,17046
DA:71,17046
DA:75,4849
FN:75,YieldBearingERC20_ST_Kernel._stWithdrawAssets
FNDA:4849,YieldBearingERC20_ST_Kernel._stWithdrawAssets
DA:77,4849
DA:78,4849
DA:81,4849
FNF:8
FNH:8
LF:20
LH:20
BRF:0
BRH:0
end_of_record
TN:
SF:src/libraries/RoycoKernelStorageLib.sol
DA:59,492
FN:59,RoycoKernelStorageLib.__RoycoKernel_init
FNDA:492,RoycoKernelStorageLib.__RoycoKernel_init
DA:61,492
DA:62,492
DA:63,492
DA:64,492
DA:65,492
DA:73,8944
FN:73,RoycoKernelStorageLib._getRoycoKernelStorage
FNDA:8944,RoycoKernelStorageLib._getRoycoKernelStorage
DA:75,0
FNF:2
FNH:2
LF:8
LH:7
BRF:0
BRH:0
end_of_record
TN:
SF:src/libraries/RoycoTrancheStorageLib.sol
DA:54,987
FN:54,RoycoTrancheStorageLib.__RoycoTranche_init
FNDA:987,RoycoTrancheStorageLib.__RoycoTranche_init
DA:65,987
DA:66,987
DA:67,987
DA:68,987
DA:69,987
DA:70,987
DA:71,987
DA:72,987
DA:73,987
BRDA:73,0,0,494
BRDA:73,0,1,-
DA:74,494
DA:75,494
DA:77,493
DA:78,493
DA:87,2
FN:87,RoycoTrancheStorageLib._getRoycoTrancheStorage
FNDA:2,RoycoTrancheStorageLib._getRoycoTrancheStorage
DA:89,0
FNF:2
FNH:2
LF:16
LH:15
BRF:2
BRH:1
end_of_record
TN:
SF:src/libraries/Units.sol
DA:18,672207
FN:18,UnitsMathLib.min.0
FNDA:672207,UnitsMathLib.min.0
DA:19,672207
DA:23,20957
FN:23,UnitsMathLib.min.1
FNDA:20957,UnitsMathLib.min.1
DA:24,20957
DA:28,1787234
FN:28,UnitsMathLib.computeNAVDelta
FNDA:1787234,UnitsMathLib.computeNAVDelta
DA:29,1787234
DA:33,863901
FN:33,UnitsMathLib.saturatingSub
FNDA:863901,UnitsMathLib.saturatingSub
DA:34,863901
DA:38,135327
FN:38,UnitsMathLib.mulDiv.0
FNDA:135327,UnitsMathLib.mulDiv.0
DA:39,135327
DA:43,1010115
FN:43,UnitsMathLib.mulDiv.1
FNDA:1010115,UnitsMathLib.mulDiv.1
DA:44,1010115
DA:48,140980
FN:48,UnitsMathLib.mulDiv.2
FNDA:140980,UnitsMathLib.mulDiv.2
DA:49,140980
DA:53,14718
FN:53,UnitsMathLib.mulDiv.3
FNDA:14718,UnitsMathLib.mulDiv.3
DA:54,14718
DA:58,928302
FN:58,UnitsMathLib.mulDiv.4
FNDA:928302,UnitsMathLib.mulDiv.4
DA:59,928302
DA:63,558481
FN:63,UnitsMathLib.mulDiv.5
FNDA:558481,UnitsMathLib.mulDiv.5
DA:64,558481
FNF:10
FNH:10
LF:20
LH:20
BRF:0
BRH:0
end_of_record
TN:
SF:src/libraries/UtilsLib.sol
DA:26,202725
FN:26,UtilsLib.computeUtilization
FNDA:202725,UtilsLib.computeUtilization
DA:38,202725
BRDA:38,0,0,42886
DA:40,159839
BRDA:40,1,0,8131
DA:42,151708
DA:54,68136
FN:54,UtilsLib.computeLTV
FNDA:68136,UtilsLib.computeLTV
DA:56,68136
DA:57,68136
BRDA:57,2,0,-
DA:59,68136
DA:69,19477
FN:69,UtilsLib.scaleAssetClaims.0
FNDA:19477,UtilsLib.scaleAssetClaims.0
DA:74,19477
DA:75,19477
DA:76,19477
DA:86,7359
FN:86,UtilsLib.scaleAssetClaims.1
FNDA:7359,UtilsLib.scaleAssetClaims.1
DA:95,7359
DA:96,7359
DA:97,7359
DA:106,14589
FN:106,UtilsLib.format
FNDA:14589,UtilsLib.format
DA:107,14589
FNF:5
FNH:5
LF:18
LH:18
BRF:3
BRH:2
end_of_record
TN:
SF:src/libraries/kernels/ERC4626KernelStorageLib.sol
DA:30,77101
FN:30,ERC4626KernelStorageLib._getERC4626KernelStorage
FNDA:77101,ERC4626KernelStorageLib._getERC4626KernelStorage
DA:32,0
FNF:1
FNH:1
LF:2
LH:1
BRF:0
BRH:0
end_of_record
TN:
SF:src/libraries/kernels/YieldBearingERC20KernelStorageLib.sol
DA:32,274879
FN:32,YieldBearingERC20KernelStorageLib._getYieldBearingERC20KernelStorage
FNDA:274879,YieldBearingERC20KernelStorageLib._getYieldBearingERC20KernelStorage
DA:34,0
FNF:1
FNH:1
LF:2
LH:1
BRF:0
BRH:0
end_of_record
TN:
SF:src/tranches/RoycoJuniorTranche.sol
DA:21,493
FN:21,RoycoJuniorTranche.initialize
FNDA:493,RoycoJuniorTranche.initialize
DA:23,493
DA:27,239496
FN:27,RoycoJuniorTranche.TRANCHE_TYPE
FNDA:239496,RoycoJuniorTranche.TRANCHE_TYPE
DA:28,239496
FNF:2
FNH:2
LF:4
LH:4
BRF:0
BRH:0
end_of_record
TN:
SF:src/tranches/RoycoSeniorTranche.sol
DA:21,494
FN:21,RoycoSeniorTranche.initialize
FNDA:494,RoycoSeniorTranche.initialize
DA:23,494
DA:27,82430
FN:27,RoycoSeniorTranche.TRANCHE_TYPE
FNDA:82430,RoycoSeniorTranche.TRANCHE_TYPE
DA:28,82430
FNF:2
FNH:2
LF:4
LH:4
BRF:0
BRH:0
end_of_record
TN:
SF:src/tranches/base/RoycoVaultTranche.sol
DA:38,2842
FN:38,RoycoVaultTranche.executionIsSync
FNDA:2842,RoycoVaultTranche.executionIsSync
DA:39,2842
BRDA:39,0,0,-
BRDA:39,0,1,-
DA:49,1007
FN:49,RoycoVaultTranche.executionIsAsync
FNDA:1007,RoycoVaultTranche.executionIsAsync
DA:50,1007
BRDA:50,1,0,-
BRDA:50,1,1,-
DA:60,1007
FN:60,RoycoVaultTranche.onlyCallerOrOperator
FNDA:1007,RoycoVaultTranche.onlyCallerOrOperator
DA:61,1007
BRDA:61,2,0,-
BRDA:61,2,1,-
DA:73,987
FN:73,RoycoVaultTranche.__RoycoTranche_init
FNDA:987,RoycoVaultTranche.__RoycoTranche_init
DA:83,987
DA:84,0
DA:85,987
DA:86,987
DA:89,987
DA:99,987
FN:99,RoycoVaultTranche.__RoycoTranche_init_unchained
FNDA:987,RoycoVaultTranche.__RoycoTranche_init_unchained
DA:101,987
DA:102,987
DA:105,987
DA:109,349415
FN:109,RoycoVaultTranche.kernel
FNDA:349415,RoycoVaultTranche.kernel
DA:110,349415
DA:114,4
FN:114,RoycoVaultTranche.marketId
FNDA:4,RoycoVaultTranche.marketId
DA:115,4
DA:119,42010
FN:119,RoycoVaultTranche.totalAssets
FNDA:42010,RoycoVaultTranche.totalAssets
DA:120,42010
DA:124,22812
FN:124,RoycoVaultTranche.getRawNAV
FNDA:22812,RoycoVaultTranche.getRawNAV
DA:125,22812
DA:126,22812
DA:130,21564
FN:130,RoycoVaultTranche.maxDeposit
FNDA:21564,RoycoVaultTranche.maxDeposit
DA:131,21564
DA:135,48291
FN:135,RoycoVaultTranche.maxRedeem
FNDA:48291,RoycoVaultTranche.maxRedeem
DA:136,48291
DA:140,2536
FN:140,RoycoVaultTranche.previewDeposit
FNDA:2536,RoycoVaultTranche.previewDeposit
DA:142,2536
DA:146,2536
DA:147,2536
DA:148,804
DA:151,804
DA:155,2842
FN:155,RoycoVaultTranche.previewRedeem
FNDA:2842,RoycoVaultTranche.previewRedeem
DA:163,2842
DA:167,12176
FN:167,RoycoVaultTranche.convertToAssets
FNDA:12176,RoycoVaultTranche.convertToAssets
DA:169,12176
DA:170,12176
DA:174,2
FN:174,RoycoVaultTranche.convertToShares
FNDA:2,RoycoVaultTranche.convertToShares
DA:176,2
DA:180,2
DA:181,1
DA:185,59634
FN:185,RoycoVaultTranche.deposit.0
FNDA:59634,RoycoVaultTranche.deposit.0
DA:186,59634
DA:190,59232
FN:190,RoycoVaultTranche.deposit.1
FNDA:59232,RoycoVaultTranche.deposit.1
DA:204,59232
BRDA:204,3,0,-
BRDA:204,3,1,-
DA:206,59232
DA:210,59232
BRDA:210,4,0,59232
DA:211,59232
DA:215,59232
DA:218,58438
DA:221,58438
BRDA:221,5,0,-
BRDA:221,5,1,-
DA:226,18860
DA:229,58438
DA:231,18860
DA:235,4460
FN:235,RoycoVaultTranche.redeem.0
FNDA:4460,RoycoVaultTranche.redeem.0
DA:245,4460
DA:249,13403
FN:249,RoycoVaultTranche.redeem.1
FNDA:13403,RoycoVaultTranche.redeem.1
DA:263,13403
BRDA:263,6,0,-
BRDA:263,6,1,-
DA:264,13403
BRDA:264,7,0,-
BRDA:264,7,1,-
DA:268,13403
DA:275,11818
DA:277,4459
DA:285,12
FN:285,RoycoVaultTranche.isOperator
FNDA:12,RoycoVaultTranche.isOperator
DA:286,12
DA:290,1214
FN:290,RoycoVaultTranche.setOperator
FNDA:1214,RoycoVaultTranche.setOperator
DA:292,1214
DA:293,1214
DA:296,1214
DA:301,400
FN:301,RoycoVaultTranche.requestDeposit
FNDA:400,RoycoVaultTranche.requestDeposit
DA:315,0
DA:318,0
DA:321,0
DA:326,0
DA:331,2
FN:331,RoycoVaultTranche.pendingDepositRequest
FNDA:2,RoycoVaultTranche.pendingDepositRequest
DA:342,0
DA:350,2
FN:350,RoycoVaultTranche.claimableDepositRequest
FNDA:2,RoycoVaultTranche.claimableDepositRequest
DA:361,0
DA:369,18411
FN:369,RoycoVaultTranche.requestRedeem
FNDA:18411,RoycoVaultTranche.requestRedeem
DA:383,18409
BRDA:383,8,0,-
BRDA:383,8,1,-
DA:386,18407
BRDA:386,9,0,-
BRDA:386,9,1,-
DA:389,15391
BRDA:389,10,0,1204
DA:390,1204
DA:394,14589
DA:400,14589
BRDA:400,11,0,14589
BRDA:400,11,1,-
DA:402,14589
DA:405,0
DA:408,14589
DA:413,12751
FN:413,RoycoVaultTranche.pendingRedeemRequest
FNDA:12751,RoycoVaultTranche.pendingRedeemRequest
DA:425,12749
DA:431,12749
DA:435,0
DA:437,0
DA:442,14305
FN:442,RoycoVaultTranche.claimableRedeemRequest
FNDA:14305,RoycoVaultTranche.claimableRedeemRequest
DA:453,14303
DA:458,0
DA:467,2
FN:467,RoycoVaultTranche.cancelDepositRequest
FNDA:2,RoycoVaultTranche.cancelDepositRequest
DA:479,0
BRDA:479,12,0,-
BRDA:479,12,1,-
DA:480,0
DA:482,0
DA:485,0
DA:490,2
FN:490,RoycoVaultTranche.pendingCancelDepositRequest
FNDA:2,RoycoVaultTranche.pendingCancelDepositRequest
DA:501,0
DA:508,2
FN:508,RoycoVaultTranche.claimableCancelDepositRequest
FNDA:2,RoycoVaultTranche.claimableCancelDepositRequest
DA:519,0
DA:527,2
FN:527,RoycoVaultTranche.claimCancelDepositRequest
FNDA:2,RoycoVaultTranche.claimCancelDepositRequest
DA:540,0
BRDA:540,13,0,-
BRDA:540,13,1,-
DA:542,0
DA:546,0
DA:551,1008
FN:551,RoycoVaultTranche.cancelRedeemRequest
FNDA:1008,RoycoVaultTranche.cancelRedeemRequest
DA:564,1006
BRDA:564,14,0,-
BRDA:564,14,1,-
DA:565,0
DA:567,1006
DA:570,0
DA:575,202
FN:575,RoycoVaultTranche.pendingCancelRedeemRequest
FNDA:202,RoycoVaultTranche.pendingCancelRedeemRequest
DA:586,200
DA:594,2210
FN:594,RoycoVaultTranche.claimableCancelRedeemRequest
FNDA:2210,RoycoVaultTranche.claimableCancelRedeemRequest
DA:605,2208
DA:613,1007
FN:613,RoycoVaultTranche.claimCancelRedeemRequest
FNDA:1007,RoycoVaultTranche.claimCancelRedeemRequest
DA:627,1005
DA:633,1005
BRDA:633,15,0,-
BRDA:633,15,1,-
DA:636,1005
BRDA:636,16,0,-
BRDA:636,16,1,1005
DA:638,0
DA:641,1005
DA:644,0
DA:648,199710
FN:648,RoycoVaultTranche.previewMintProtocolFeeShares
FNDA:199710,RoycoVaultTranche.previewMintProtocolFeeShares
DA:661,199710
DA:662,199710
DA:665,199710
DA:669,37707
FN:669,RoycoVaultTranche.mintProtocolFeeShares
FNDA:37707,RoycoVaultTranche.mintProtocolFeeShares
DA:680,37707
BRDA:680,17,0,-
BRDA:680,17,1,-
DA:683,37707
DA:684,37695
BRDA:684,18,0,14115
DA:686,37695
DA:690,2
FN:690,RoycoVaultTranche.decimals
FNDA:2,RoycoVaultTranche.decimals
DA:691,2
DA:695,60220
FN:695,RoycoVaultTranche.asset
FNDA:60220,RoycoVaultTranche.asset
DA:696,60220
DA:711,75343
FN:711,RoycoVaultTranche._maxRedeem
FNDA:75343,RoycoVaultTranche._maxRedeem
DA:713,75343
DA:715,75343
DA:719,75343
DA:720,75343
DA:721,67076
DA:722,67076
DA:723,5255
DA:733,11818
FN:733,RoycoVaultTranche._redeem
FNDA:11818,RoycoVaultTranche._redeem
DA:735,11818
BRDA:735,19,0,4459
BRDA:735,19,1,7359
DA:737,4459
BRDA:737,20,0,-
DA:739,4459
DA:741,7359
BRDA:741,21,0,7359
DA:743,7359
DA:752,12178
FN:752,RoycoVaultTranche._previewPostSyncTrancheState
FNDA:12178,RoycoVaultTranche._previewPostSyncTrancheState
DA:754,12178
DA:755,12178
DA:756,12178
DA:767,260686
FN:767,RoycoVaultTranche._convertToShares
FNDA:260686,RoycoVaultTranche._convertToShares
DA:768,260686
DA:772,535741
FN:772,RoycoVaultTranche._decimalsOffset
FNDA:535741,RoycoVaultTranche._decimalsOffset
DA:773,535741
DA:781,90846
FN:781,RoycoVaultTranche._isCallerOrOperator
FNDA:90846,RoycoVaultTranche._isCallerOrOperator
DA:782,90846
DA:786,126734
FN:786,RoycoVaultTranche._isSync
FNDA:126734,RoycoVaultTranche._isSync
DA:787,126734
DA:793,22953
FN:793,RoycoVaultTranche._requestRedeemSharesBehavior
FNDA:22953,RoycoVaultTranche._requestRedeemSharesBehavior
DA:794,22953
DA:800,535739
FN:800,RoycoVaultTranche._withVirtualShares
FNDA:535739,RoycoVaultTranche._withVirtualShares
DA:801,535739
DA:805,260686
FN:805,RoycoVaultTranche._withVirtualAssets
FNDA:260686,RoycoVaultTranche._withVirtualAssets
DA:806,260686
DA:810,99967
FN:810,RoycoVaultTranche._update
FNDA:99967,RoycoVaultTranche._update
DA:811,99967
FNF:50
FNH:50
LF:174
LH:150
BRF:39
BRH:8
end_of_record
TN:
SF:src/ydm/AdaptiveCurveYDM.sol
DA:70,1566
FN:70,AdaptiveCurveYDM.initializeYDMForMarket
FNDA:1566,AdaptiveCurveYDM.initializeYDMForMarket
DA:72,1566
BRDA:72,0,0,1566
BRDA:72,0,1,1563
DA:79,1562
DA:80,1562
DA:81,1562
DA:85,1566
DA:89,33882
FN:89,AdaptiveCurveYDM.previewJTYieldShare
FNDA:33882,AdaptiveCurveYDM.previewJTYieldShare
DA:103,33882
DA:107,138047
FN:107,AdaptiveCurveYDM.jtYieldShare
FNDA:138047,AdaptiveCurveYDM.jtYieldShare
DA:120,138047
DA:121,138047
DA:124,138047
DA:127,138047
DA:129,138047
DA:131,138047
DA:149,171929
FN:149,AdaptiveCurveYDM._jtYieldShare
FNDA:171929,AdaptiveCurveYDM._jtYieldShare
DA:162,171929
DA:163,171929
BRDA:163,1,0,19719
DA:166,171929
DA:168,171929
DA:172,171929
DA:173,171929
DA:174,171929
BRDA:174,2,0,134247
BRDA:174,2,1,102115
DA:176,134247
DA:178,134247
DA:180,134247
DA:183,134247
DA:184,134247
DA:187,134247
DA:188,134247
DA:190,37682
DA:194,134247
DA:203,268494
FN:203,AdaptiveCurveYDM._computeJtYieldShareAtTarget
FNDA:268494,AdaptiveCurveYDM._computeJtYieldShareAtTarget
DA:214,268494
DA:216,268494
BRDA:216,3,0,117642
DA:217,150852
BRDA:217,4,0,23255
DA:227,171929
FN:227,AdaptiveCurveYDM._computeCurrentJtYieldShare
FNDA:171929,AdaptiveCurveYDM._computeCurrentJtYieldShare
DA:264,171929
DA:269,171929
DA:270,171928
FNF:6
FNH:6
LF:40
LH:40
BRF:7
BRH:7
end_of_record
TN:
SF:src/ydm/StaticCurveYDM.sol
DA:62,855
FN:62,StaticCurveYDM.initializeYDMForMarket
FNDA:855,StaticCurveYDM.initializeYDMForMarket
DA:64,855
BRDA:64,0,0,855
BRDA:64,0,1,853
DA:71,852
DA:72,852
DA:73,852
DA:74,852
DA:75,855
DA:77,855
DA:81,2422
FN:81,StaticCurveYDM.previewJTYieldShare
FNDA:2422,StaticCurveYDM.previewJTYieldShare
DA:94,2422
DA:98,203
FN:98,StaticCurveYDM.jtYieldShare
FNDA:203,StaticCurveYDM.jtYieldShare
DA:110,203
DA:111,203
DA:115,2625
FN:115,StaticCurveYDM._jtYieldShare
FNDA:2625,StaticCurveYDM._jtYieldShare
DA:146,2625
DA:147,2625
BRDA:147,1,0,650
DA:150,2625
DA:152,2625
BRDA:152,2,0,1510
BRDA:152,2,1,1115
DA:154,1510
DA:157,1115
DA:170,1704
FN:170,StaticCurveYDM._computeSlope
FNDA:1704,StaticCurveYDM._computeSlope
DA:171,1704
FNF:5
FNH:5
LF:22
LH:22
BRF:5
BRH:5
end_of_record
