TN:
SF:src/RDM/StaticCurveRDM.sol
DA:37,213
FN:37,StaticCurveRDM.previewJTYieldShare
FNDA:213,StaticCurveRDM.previewJTYieldShare
DA:48,213
DA:52,0
FN:52,StaticCurveRDM.jtYieldShare
FNDA:0,StaticCurveRDM.jtYieldShare
DA:63,0
DA:67,213
FN:67,StaticCurveRDM._computeJTYieldShare
FNDA:213,StaticCurveRDM._computeJTYieldShare
DA:93,213
DA:96,213
BRDA:96,0,0,78
BRDA:96,0,1,126
DA:98,78
DA:99,135
BRDA:99,1,0,9
BRDA:99,1,1,126
DA:101,9
DA:104,126
FNF:3
FNH:2
LF:11
LH:9
BRF:4
BRH:4
end_of_record
TN:
SF:src/RoycoFactory.sol
DA:85,54
FN:85,RoycoFactory.deployMarket
FNDA:54,RoycoFactory.deployMarket
DA:87,54
DA:90,39
DA:93,35
DA:96,30
DA:98,39
DA:105,219
FN:105,RoycoFactory.predictERC1967ProxyAddress
FNDA:219,RoycoFactory.predictERC1967ProxyAddress
DA:106,219
DA:112,39
FN:112,RoycoFactory._deployContracts
FNDA:39,RoycoFactory._deployContracts
DA:119,39
DA:123,39
DA:126,39
DA:130,39
DA:134,39
DA:135,39
BRDA:135,0,0,-
BRDA:135,0,1,-
DA:138,38
DA:139,38
BRDA:139,1,0,-
BRDA:139,1,1,-
DA:142,37
DA:143,37
BRDA:143,2,0,-
BRDA:143,2,1,-
DA:146,36
DA:147,36
BRDA:147,3,0,-
BRDA:147,3,1,-
DA:152,35
FN:152,RoycoFactory._validateDeployment
FNDA:35,RoycoFactory._validateDeployment
DA:154,35
BRDA:154,4,0,35
BRDA:154,4,1,-
DA:155,35
BRDA:155,5,0,35
BRDA:155,5,1,-
DA:156,35
BRDA:156,6,0,35
BRDA:156,6,1,-
DA:157,35
BRDA:157,7,0,34
BRDA:157,7,1,-
DA:160,34
BRDA:160,8,0,34
BRDA:160,8,1,-
DA:161,34
BRDA:161,9,0,33
BRDA:161,9,1,-
DA:164,32
BRDA:164,10,0,32
BRDA:164,10,1,-
DA:167,32
BRDA:167,11,0,31
BRDA:167,11,1,-
DA:172,54
FN:172,RoycoFactory._validateDeploymentParams
FNDA:54,RoycoFactory._validateDeploymentParams
DA:173,54
BRDA:173,12,0,-
BRDA:173,12,1,-
DA:174,53
BRDA:174,13,0,-
BRDA:174,13,1,-
DA:175,52
BRDA:175,14,0,-
BRDA:175,14,1,-
DA:176,51
BRDA:176,15,0,-
BRDA:176,15,1,-
DA:177,50
BRDA:177,16,0,-
BRDA:177,16,1,-
DA:178,49
BRDA:178,17,0,-
BRDA:178,17,1,-
DA:179,48
BRDA:179,18,0,-
BRDA:179,18,1,-
DA:181,47
BRDA:181,19,0,-
BRDA:181,19,1,-
DA:182,48
BRDA:182,20,0,-
BRDA:182,20,1,-
DA:184,45
BRDA:184,21,0,-
BRDA:184,21,1,-
DA:185,44
BRDA:185,22,0,-
BRDA:185,22,1,-
DA:187,43
BRDA:187,23,0,-
BRDA:187,23,1,-
DA:188,42
BRDA:188,24,0,-
BRDA:188,24,1,-
DA:189,41
BRDA:189,25,0,-
BRDA:189,25,1,-
DA:190,54
BRDA:190,26,0,-
BRDA:190,26,1,-
DA:195,30
FN:195,RoycoFactory._configureRoles
FNDA:30,RoycoFactory._configureRoles
DA:197,30
DA:198,30
DA:199,30
DA:202,30
DA:203,30
DA:204,30
DA:205,30
DA:208,30
DA:211,30
DA:216,60
FN:216,RoycoFactory._configureRolesForTranche
FNDA:60,RoycoFactory._configureRolesForTranche
DA:217,60
DA:218,60
DA:219,60
DA:220,60
DA:221,60
DA:222,60
DA:223,60
DA:224,60
DA:225,60
DA:226,60
DA:227,60
DA:228,60
DA:235,156
FN:235,RoycoFactory._deployERC1967ProxyDeterministic
FNDA:156,RoycoFactory._deployERC1967ProxyDeterministic
DA:236,156
FNF:8
FNH:8
LF:71
LH:71
BRF:54
BRH:8
end_of_record
TN:
SF:src/accountant/RoycoAccountant.sol
DA:15,100
FN:15,RoycoAccountant.onlyRoycoKernel
FNDA:100,RoycoAccountant.onlyRoycoKernel
DA:16,100
BRDA:16,0,0,-
BRDA:16,0,1,-
DA:25,36
FN:25,RoycoAccountant.initialize
FNDA:36,RoycoAccountant.initialize
DA:27,36
BRDA:27,1,0,36
BRDA:27,1,1,36
DA:29,36
BRDA:29,2,0,-
BRDA:29,2,1,-
DA:31,36
BRDA:31,3,0,-
BRDA:31,3,1,-
DA:33,36
BRDA:33,4,0,-
BRDA:33,4,1,-
DA:35,36
DA:37,36
DA:41,32
FN:41,RoycoAccountant.getState
FNDA:32,RoycoAccountant.getState
DA:42,32
DA:46,768
FN:46,RoycoAccountant.preOpSyncTrancheNAVs
FNDA:768,RoycoAccountant.preOpSyncTrancheNAVs
DA:56,768
DA:59,768
DA:60,768
DA:63,0
BRDA:63,5,0,-
DA:66,0
DA:70,768
DA:71,768
DA:72,768
DA:73,768
DA:74,768
DA:75,768
DA:79,6550
FN:79,RoycoAccountant.previewSyncTrancheNAVs
FNDA:6550,RoycoAccountant.previewSyncTrancheNAVs
DA:80,6550
DA:84,768
FN:84,RoycoAccountant.postOpSyncTrancheNAVs
FNDA:768,RoycoAccountant.postOpSyncTrancheNAVs
DA:86,768
DA:87,768
BRDA:87,6,0,100
BRDA:87,6,1,-
DA:89,100
DA:90,100
BRDA:90,7,0,-
BRDA:90,7,1,-
DA:92,100
DA:94,100
DA:95,668
BRDA:95,8,0,668
BRDA:95,8,1,-
DA:97,668
DA:98,668
BRDA:98,9,0,-
BRDA:98,9,1,-
DA:100,668
DA:102,668
DA:106,0
DA:107,0
DA:110,0
DA:111,0
DA:113,0
BRDA:113,10,0,-
BRDA:113,10,1,-
DA:116,0
BRDA:116,11,0,-
BRDA:116,11,1,-
DA:119,0
DA:120,0
BRDA:120,12,0,-
BRDA:120,12,1,-
DA:122,0
DA:123,0
DA:125,0
DA:128,0
DA:132,0
DA:133,0
BRDA:133,13,0,-
DA:134,0
DA:136,0
BRDA:136,14,0,-
DA:138,0
BRDA:138,15,0,-
BRDA:138,15,1,-
DA:142,0
BRDA:142,16,0,-
BRDA:142,16,1,-
DA:144,0
DA:146,0
BRDA:146,17,0,-
BRDA:146,17,1,-
DA:150,768
BRDA:150,18,0,-
BRDA:150,18,1,-
DA:154,100
FN:154,RoycoAccountant.postOpSyncTrancheNAVsAndEnforceCoverage
FNDA:100,RoycoAccountant.postOpSyncTrancheNAVsAndEnforceCoverage
DA:156,100
DA:158,100
BRDA:158,19,0,-
BRDA:158,19,1,-
DA:174,100
FN:174,RoycoAccountant.isCoverageRequirementSatisfied
FNDA:100,RoycoAccountant.isCoverageRequirementSatisfied
DA:176,100
DA:178,100
DA:179,100
DA:188,0
FN:188,RoycoAccountant.maxSTDepositGivenCoverage
FNDA:0,RoycoAccountant.maxSTDepositGivenCoverage
DA:190,0
DA:192,0
DA:195,0
DA:197,0
DA:199,0
DA:201,0
DA:210,668
FN:210,RoycoAccountant.maxJTWithdrawalGivenCoverage
FNDA:668,RoycoAccountant.maxJTWithdrawalGivenCoverage
DA:212,668
DA:213,668
DA:214,668
DA:216,668
DA:219,668
DA:221,668
DA:223,668
DA:225,668
DA:227,668
DA:238,7986
FN:238,RoycoAccountant._previewSyncTrancheNAVs
FNDA:7986,RoycoAccountant._previewSyncTrancheNAVs
DA:248,7986
DA:252,7986
DA:253,7986
DA:256,7986
DA:257,7986
DA:258,7986
DA:259,7986
DA:260,7986
DA:261,7986
DA:264,7986
BRDA:264,20,0,-
BRDA:264,20,1,-
DA:266,0
DA:267,0
DA:268,0
BRDA:268,21,0,-
DA:270,0
DA:272,0
DA:275,0
BRDA:275,22,0,-
DA:277,0
DA:281,0
DA:282,0
DA:285,7986
BRDA:285,23,0,-
DA:286,0
DA:288,0
DA:289,0
BRDA:289,24,0,-
DA:293,0
DA:294,0
DA:296,0
DA:297,0
DA:300,0
BRDA:300,25,0,-
DA:302,0
DA:304,0
DA:309,7986
BRDA:309,26,0,-
BRDA:309,26,1,-
DA:310,0
DA:312,0
DA:313,0
BRDA:313,27,0,-
DA:314,0
DA:316,0
DA:319,0
DA:320,0
BRDA:320,28,0,-
DA:322,0
DA:324,0
DA:327,7986
BRDA:327,29,0,-
DA:328,0
DA:331,0
DA:332,0
BRDA:332,30,0,-
DA:334,0
DA:335,0
DA:337,0
DA:341,0
DA:342,0
BRDA:342,31,0,-
DA:344,0
DA:345,0
DA:347,0
DA:350,0
BRDA:350,32,0,-
DA:352,0
DA:353,0
DA:355,0
BRDA:355,33,0,-
DA:357,0
DA:359,0
BRDA:359,34,0,-
DA:361,0
DA:362,0
DA:363,0
DA:367,0
DA:369,0
DA:371,0
DA:375,7986
BRDA:375,35,0,-
BRDA:375,35,1,-
DA:377,7986
DA:386,768
FN:386,RoycoAccountant._accrueJTYieldShare
FNDA:768,RoycoAccountant._accrueJTYieldShare
DA:388,768
DA:391,768
DA:392,768
BRDA:392,36,0,300
DA:393,300
DA:394,300
DA:398,468
DA:400,468
BRDA:400,37,0,468
DA:403,0
DA:405,0
DA:406,0
DA:414,7218
FN:414,RoycoAccountant._previewJTYieldShareAccrual
FNDA:7218,RoycoAccountant._previewJTYieldShareAccrual
DA:416,7218
DA:419,7218
DA:420,7218
BRDA:420,38,0,1206
DA:423,6012
DA:425,6012
BRDA:425,39,0,6012
DA:428,0
DA:430,0
DA:439,16740
FN:439,RoycoAccountant._computeRawNAVDelta
FNDA:16740,RoycoAccountant._computeRawNAVDelta
DA:440,16740
FNF:14
FNH:13
LF:170
LH:85
BRF:60
BRH:8
end_of_record
TN:
SF:src/auth/RoycoAuth.sol
DA:13,146
FN:13,RoycoAuth.__RoycoAuth_init
FNDA:146,RoycoAuth.__RoycoAuth_init
DA:14,146
DA:15,0
DA:19,0
FN:19,RoycoAuth.pause
FNDA:0,RoycoAuth.pause
DA:20,0
DA:24,0
FN:24,RoycoAuth.unpause
FNDA:0,RoycoAuth.unpause
DA:25,0
FNF:3
FNH:1
LF:7
LH:2
BRF:0
BRH:0
end_of_record
TN:
SF:src/base/RoycoBase.sol
DA:9,216
FN:9,RoycoBase.constructor
FNDA:216,RoycoBase.constructor
DA:10,0
DA:15,146
FN:15,RoycoBase.__RoycoBase_init
FNDA:146,RoycoBase.__RoycoBase_init
DA:16,146
DA:20,0
FN:20,RoycoBase._authorizeUpgrade
FNDA:0,RoycoBase._authorizeUpgrade
FNF:3
FNH:2
LF:5
LH:3
BRF:0
BRH:0
end_of_record
TN:
SF:src/kernels/ERC4626ST_AaveV3JT_Kernel.sol
DA:13,35
FN:13,ERC4626ST_AaveV3JT_Kernel.initialize
FNDA:35,ERC4626ST_AaveV3JT_Kernel.initialize
DA:15,35
DA:16,35
DA:17,35
BRDA:17,0,0,-
BRDA:17,0,1,-
DA:20,35
DA:22,35
DA:24,35
FNF:1
FNH:1
LF:7
LH:7
BRF:2
BRH:0
end_of_record
TN:
SF:src/kernels/base/RoycoKernel.sol
DA:23,0
FN:23,RoycoKernel.onlySeniorTranche
FNDA:0,RoycoKernel.onlySeniorTranche
DA:24,0
BRDA:24,0,0,-
BRDA:24,0,1,-
DA:30,0
FN:30,RoycoKernel.onlyJuniorTranche
FNDA:0,RoycoKernel.onlyJuniorTranche
DA:31,0
BRDA:31,1,0,-
BRDA:31,1,1,-
DA:41,35
FN:41,RoycoKernel.__RoycoKernel_init
FNDA:35,RoycoKernel.__RoycoKernel_init
DA:42,35
DA:43,35
DA:51,35
FN:51,RoycoKernel.__RoycoKernel_init_unchained
FNDA:35,RoycoKernel.__RoycoKernel_init_unchained
DA:53,35
BRDA:53,2,0,35
BRDA:53,2,1,35
DA:59,35
DA:63,0
FN:63,RoycoKernel.stMaxDeposit
FNDA:0,RoycoKernel.stMaxDeposit
DA:64,0
DA:68,0
FN:68,RoycoKernel.stMaxWithdraw
FNDA:0,RoycoKernel.stMaxWithdraw
DA:69,0
DA:73,0
FN:73,RoycoKernel.jtMaxDeposit
FNDA:0,RoycoKernel.jtMaxDeposit
DA:74,0
DA:78,668
FN:78,RoycoKernel.jtMaxWithdraw
FNDA:668,RoycoKernel.jtMaxWithdraw
DA:79,668
DA:83,870
FN:83,RoycoKernel.getSTRawNAV
FNDA:870,RoycoKernel.getSTRawNAV
DA:84,870
DA:88,870
FN:88,RoycoKernel.getJTRawNAV
FNDA:870,RoycoKernel.getJTRawNAV
DA:89,870
DA:93,33
FN:93,RoycoKernel.getState
FNDA:33,RoycoKernel.getState
DA:94,33
DA:102,0
FN:102,RoycoKernel.syncTrancheNAVs
FNDA:0,RoycoKernel.syncTrancheNAVs
DA:103,0
DA:111,6550
FN:111,RoycoKernel.previewSyncTrancheNAVs
FNDA:6550,RoycoKernel.previewSyncTrancheNAVs
DA:112,6550
DA:120,768
FN:120,RoycoKernel._preOpSyncTrancheNAVs
FNDA:768,RoycoKernel._preOpSyncTrancheNAVs
DA:122,768
DA:125,768
BRDA:125,3,0,-
DA:126,0
DA:127,0
DA:129,0
BRDA:129,4,0,-
DA:130,0
DA:133,0
BRDA:133,5,0,-
DA:134,0
DA:144,668
FN:144,RoycoKernel._postOpSyncTrancheNAVs
FNDA:668,RoycoKernel._postOpSyncTrancheNAVs
DA:146,668
DA:154,100
FN:154,RoycoKernel._postOpSyncTrancheNAVsAndEnforceCoverage
FNDA:100,RoycoKernel._postOpSyncTrancheNAVsAndEnforceCoverage
DA:156,100
DA:161,8754
FN:161,RoycoKernel._accountant
FNDA:8754,RoycoKernel._accountant
DA:162,8754
FNF:17
FNH:11
LF:43
LH:25
BRF:9
BRH:2
end_of_record
TN:
SF:src/kernels/base/junior/AaveV3JTKernel.sol
DA:35,35
FN:35,AaveV3JTKernel.__AaveV3JTKernel_init_unchained
FNDA:35,AaveV3JTKernel.__AaveV3JTKernel_init_unchained
DA:37,35
DA:38,35
BRDA:38,0,0,-
BRDA:38,0,1,-
DA:41,35
DA:44,35
DA:48,870
FN:48,AaveV3JTKernel.getJTTotalEffectiveAssets
FNDA:870,AaveV3JTKernel.getJTTotalEffectiveAssets
DA:49,870
DA:53,668
FN:53,AaveV3JTKernel.jtDeposit
FNDA:668,AaveV3JTKernel.jtDeposit
DA:66,668
DA:67,668
DA:70,668
DA:73,668
DA:77,0
FN:77,AaveV3JTKernel.jtRedeem
FNDA:0,AaveV3JTKernel.jtRedeem
DA:89,0
DA:90,0
BRDA:90,1,0,-
BRDA:90,1,1,-
DA:92,0
DA:95,0
DA:97,0
DA:98,0
BRDA:98,2,0,-
DA:101,0
DA:104,0
DA:108,0
FN:108,AaveV3JTKernel._claimSeniorAssetsFromJunior
FNDA:0,AaveV3JTKernel._claimSeniorAssetsFromJunior
DA:109,0
DA:113,10292
FN:113,AaveV3JTKernel._getJuniorTrancheRawNAV
FNDA:10292,AaveV3JTKernel._getJuniorTrancheRawNAV
DA:116,10292
DA:117,10292
DA:121,0
FN:121,AaveV3JTKernel._maxJTDepositGlobally
FNDA:0,AaveV3JTKernel._maxJTDepositGlobally
DA:123,0
DA:124,0
DA:125,0
DA:128,0
DA:129,0
BRDA:129,3,0,-
DA:132,0
DA:133,0
BRDA:133,4,0,-
DA:136,0
DA:137,0
DA:139,0
DA:142,0
DA:146,668
FN:146,AaveV3JTKernel._maxJTWithdrawalGlobally
FNDA:668,AaveV3JTKernel._maxJTWithdrawalGlobally
DA:148,668
DA:149,668
DA:150,668
DA:153,668
DA:154,668
BRDA:154,5,0,-
DA:157,668
FNF:8
FNH:5
LF:45
LH:22
BRF:8
BRH:0
end_of_record
TN:
SF:src/kernels/base/junior/BaseAsyncJTRedemptionDelayKernel.sol
DA:54,0
FN:54,BaseAsyncJTRedemptionDelayKernel.__BaseAsyncJTRedemptionDelayKernel_init
FNDA:0,BaseAsyncJTRedemptionDelayKernel.__BaseAsyncJTRedemptionDelayKernel_init
DA:55,0
DA:58,0
FN:58,BaseAsyncJTRedemptionDelayKernel.__BaseAsyncJTRedemptionDelayKernel_init_unchained
FNDA:0,BaseAsyncJTRedemptionDelayKernel.__BaseAsyncJTRedemptionDelayKernel_init_unchained
DA:59,0
BRDA:59,0,0,-
BRDA:59,0,1,-
DA:60,0
DA:68,0
FN:68,BaseAsyncJTRedemptionDelayKernel.jtRequestRedeem
FNDA:0,BaseAsyncJTRedemptionDelayKernel.jtRequestRedeem
DA:79,0
DA:80,0
DA:82,0
DA:83,0
BRDA:83,1,0,-
BRDA:83,1,1,-
DA:86,0
DA:89,0
DA:93,0
DA:94,0
DA:95,0
DA:99,0
FN:99,BaseAsyncJTRedemptionDelayKernel.jtPendingRedeemRequest
FNDA:0,BaseAsyncJTRedemptionDelayKernel.jtPendingRedeemRequest
DA:100,0
BRDA:100,2,0,-
BRDA:100,2,1,-
DA:101,0
DA:102,0
DA:105,0
BRDA:105,3,0,-
DA:106,0
DA:110,0
BRDA:110,4,0,-
DA:111,0
DA:114,0
DA:118,0
FN:118,BaseAsyncJTRedemptionDelayKernel.jtClaimableRedeemRequest
FNDA:0,BaseAsyncJTRedemptionDelayKernel.jtClaimableRedeemRequest
DA:119,0
BRDA:119,5,0,-
BRDA:119,5,1,-
DA:121,0
DA:124,0
FN:124,BaseAsyncJTRedemptionDelayKernel._jtClaimableRedeemRequest
FNDA:0,BaseAsyncJTRedemptionDelayKernel._jtClaimableRedeemRequest
DA:125,0
DA:126,0
DA:129,0
BRDA:129,6,0,-
DA:130,0
DA:134,0
BRDA:134,7,0,-
DA:135,0
DA:138,0
DA:146,0
FN:146,BaseAsyncJTRedemptionDelayKernel.jtCancelRedeemRequest
FNDA:0,BaseAsyncJTRedemptionDelayKernel.jtCancelRedeemRequest
DA:147,0
BRDA:147,8,0,-
BRDA:147,8,1,-
DA:148,0
DA:149,0
DA:151,0
BRDA:151,9,0,-
BRDA:151,9,1,-
DA:152,0
DA:156,0
FN:156,BaseAsyncJTRedemptionDelayKernel.jtClaimCancelRedeemRequest
FNDA:0,BaseAsyncJTRedemptionDelayKernel.jtClaimCancelRedeemRequest
DA:157,0
BRDA:157,10,0,-
BRDA:157,10,1,-
DA:158,0
DA:159,0
DA:161,0
BRDA:161,11,0,-
BRDA:161,11,1,-
DA:162,0
DA:163,0
BRDA:163,12,0,-
BRDA:163,12,1,-
DA:169,0
FN:169,BaseAsyncJTRedemptionDelayKernel.jtClaimableCancelRedeemRequest
FNDA:0,BaseAsyncJTRedemptionDelayKernel.jtClaimableCancelRedeemRequest
DA:170,0
BRDA:170,13,0,-
BRDA:170,13,1,-
DA:171,0
DA:174,0
BRDA:174,14,0,-
DA:175,0
DA:178,0
DA:182,0
FN:182,BaseAsyncJTRedemptionDelayKernel.jtPendingCancelRedeemRequest
FNDA:0,BaseAsyncJTRedemptionDelayKernel.jtPendingCancelRedeemRequest
DA:184,0
DA:189,0
FN:189,BaseAsyncJTRedemptionDelayKernel.setRedemptionDelay
FNDA:0,BaseAsyncJTRedemptionDelayKernel.setRedemptionDelay
DA:190,0
DA:191,0
DA:196,0
FN:196,BaseAsyncJTRedemptionDelayKernel.redemptionDelay
FNDA:0,BaseAsyncJTRedemptionDelayKernel.redemptionDelay
DA:197,0
DA:206,0
FN:206,BaseAsyncJTRedemptionDelayKernel._processClaimableRedeemRequest
FNDA:0,BaseAsyncJTRedemptionDelayKernel._processClaimableRedeemRequest
DA:215,0
DA:216,0
DA:220,0
DA:221,0
DA:222,0
DA:224,0
DA:225,0
BRDA:225,15,0,-
BRDA:225,15,1,-
DA:227,0
DA:228,0
DA:240,0
FN:240,BaseAsyncJTRedemptionDelayKernel._redemptionValue
FNDA:0,BaseAsyncJTRedemptionDelayKernel._redemptionValue
DA:241,0
DA:244,0
FN:244,BaseAsyncJTRedemptionDelayKernel._getBaseAsyncJTRedemptionDelayKernelState
FNDA:0,BaseAsyncJTRedemptionDelayKernel._getBaseAsyncJTRedemptionDelayKernelState
DA:246,0
FNF:15
FNH:0
LF:75
LH:0
BRF:27
BRH:0
end_of_record
TN:
SF:src/kernels/base/senior/ERC4626STKernel.sol
DA:33,35
FN:33,ERC4626STKernel.__ERC4626STKernel_init_unchained
FNDA:35,ERC4626STKernel.__ERC4626STKernel_init_unchained
DA:35,35
BRDA:35,0,0,35
BRDA:35,0,1,-
DA:38,35
DA:41,35
DA:45,870
FN:45,ERC4626STKernel.getSTTotalEffectiveAssets
FNDA:870,ERC4626STKernel.getSTTotalEffectiveAssets
DA:46,870
DA:50,100
FN:50,ERC4626STKernel.stDeposit
FNDA:100,ERC4626STKernel.stDeposit
DA:64,100
DA:67,100
DA:70,100
DA:73,100
DA:77,0
FN:77,ERC4626STKernel.stRedeem
FNDA:0,ERC4626STKernel.stRedeem
DA:91,0
DA:94,0
DA:97,0
DA:99,0
DA:100,0
BRDA:100,1,0,-
DA:104,0
DA:107,0
DA:116,100
FN:116,ERC4626STKernel._convertAssetsToValue
FNDA:100,ERC4626STKernel._convertAssetsToValue
DA:117,100
DA:121,0
FN:121,ERC4626STKernel._claimJuniorAssetsFromSenior
FNDA:0,ERC4626STKernel._claimJuniorAssetsFromSenior
DA:122,0
DA:126,9624
FN:126,ERC4626STKernel._getSeniorTrancheRawNAV
FNDA:9624,ERC4626STKernel._getSeniorTrancheRawNAV
DA:129,9624
DA:130,9624
DA:131,9624
DA:135,0
FN:135,ERC4626STKernel._maxSTDepositGlobally
FNDA:0,ERC4626STKernel._maxSTDepositGlobally
DA:137,0
DA:141,0
FN:141,ERC4626STKernel._maxSTWithdrawalGlobally
FNDA:0,ERC4626STKernel._maxSTWithdrawalGlobally
DA:143,0
FNF:9
FNH:5
LF:31
LH:17
BRF:3
BRH:1
end_of_record
TN:
SF:src/libraries/RoycoAccountantStorageLib.sol
DA:68,100
FN:68,RoycoAccountantStorageLib._getRoycoAccountantStorage
FNDA:100,RoycoAccountantStorageLib._getRoycoAccountantStorage
DA:70,0
DA:76,36
FN:76,RoycoAccountantStorageLib.__RoycoAccountant_init
FNDA:36,RoycoAccountantStorageLib.__RoycoAccountant_init
DA:78,36
DA:79,36
DA:80,36
DA:81,36
DA:82,36
DA:83,36
FNF:2
FNH:2
LF:9
LH:8
BRF:0
BRH:0
end_of_record
TN:
SF:src/libraries/RoycoKernelStorageLib.sol
DA:43,0
FN:43,RoycoKernelStorageLib._getRoycoKernelStorage
FNDA:0,RoycoKernelStorageLib._getRoycoKernelStorage
DA:45,0
DA:51,35
FN:51,RoycoKernelStorageLib.__RoycoKernel_init
FNDA:35,RoycoKernelStorageLib.__RoycoKernel_init
DA:53,35
DA:54,35
DA:55,35
DA:56,35
DA:57,35
FNF:2
FNH:1
LF:8
LH:6
BRF:0
BRH:0
end_of_record
TN:
SF:src/libraries/RoycoTrancheStorageLib.sol
DA:39,0
FN:39,RoycoTrancheStorageLib._getRoycoTrancheStorage
FNDA:0,RoycoTrancheStorageLib._getRoycoTrancheStorage
DA:41,0
DA:51,75
FN:51,RoycoTrancheStorageLib.__RoycoTranche_init
FNDA:75,RoycoTrancheStorageLib.__RoycoTranche_init
DA:53,75
DA:54,75
DA:55,75
DA:56,75
DA:57,75
DA:58,75
DA:59,75
BRDA:59,0,0,38
BRDA:59,0,1,-
DA:60,38
DA:61,38
DA:63,37
DA:64,37
FNF:2
FNH:1
LF:14
LH:12
BRF:2
BRH:1
end_of_record
TN:
SF:src/libraries/UtilsLib.sol
DA:20,813
FN:20,UtilsLib.computeUtilization
FNDA:813,UtilsLib.computeUtilization
DA:32,813
BRDA:32,0,0,102
DA:34,711
FNF:1
FNH:1
LF:3
LH:3
BRF:1
BRH:1
end_of_record
TN:
SF:src/libraries/kernels/AaveV3KernelStorageLib.sol
DA:28,0
FN:28,AaveV3KernelStorageLib._getAaveV3KernelStorage
FNDA:0,AaveV3KernelStorageLib._getAaveV3KernelStorage
DA:30,0
DA:39,35
FN:39,AaveV3KernelStorageLib.__AaveV3Kernel_init
FNDA:35,AaveV3KernelStorageLib.__AaveV3Kernel_init
DA:41,35
DA:42,35
DA:43,35
DA:44,35
DA:45,35
FNF:2
FNH:1
LF:8
LH:6
BRF:0
BRH:0
end_of_record
TN:
SF:src/libraries/kernels/ERC4626STKernelStorageLib.sol
DA:26,0
FN:26,ERC4626STKernelStorageLib._getERC4626STKernelStorage
FNDA:0,ERC4626STKernelStorageLib._getERC4626STKernelStorage
DA:28,0
DA:35,35
FN:35,ERC4626STKernelStorageLib.__ERC4626STKernel_init
FNDA:35,ERC4626STKernelStorageLib.__ERC4626STKernel_init
DA:36,35
DA:37,35
DA:38,35
FNF:2
FNH:1
LF:6
LH:4
BRF:0
BRH:0
end_of_record
TN:
SF:src/libraries/kernels/ERC7540KernelStorageLib.sol
DA:26,0
FN:26,ERC7540KernelStorageLib._getERC7540KernelStorage
FNDA:0,ERC7540KernelStorageLib._getERC7540KernelStorage
DA:28,0
DA:35,0
FN:35,ERC7540KernelStorageLib.__ERC7540Kernel_init
FNDA:0,ERC7540KernelStorageLib.__ERC7540Kernel_init
DA:37,0
DA:38,0
DA:39,0
FNF:2
FNH:0
LF:6
LH:0
BRF:0
BRH:0
end_of_record
TN:
SF:src/rdm/StaticCurveRDM.sol
DA:37,0
FN:37,StaticCurveRDM.previewJTYieldShare
FNDA:0,StaticCurveRDM.previewJTYieldShare
DA:48,0
DA:52,0
FN:52,StaticCurveRDM.jtYieldShare
FNDA:0,StaticCurveRDM.jtYieldShare
DA:63,0
DA:67,0
FN:67,StaticCurveRDM._computeJTYieldShare
FNDA:0,StaticCurveRDM._computeJTYieldShare
DA:93,0
DA:96,0
BRDA:96,0,0,-
BRDA:96,0,1,-
DA:98,0
DA:99,0
BRDA:99,1,0,-
BRDA:99,1,1,-
DA:101,0
DA:104,0
FNF:3
FNH:0
LF:11
LH:0
BRF:4
BRH:0
end_of_record
TN:
SF:src/tranches/RoycoJT.sol
DA:15,37
FN:15,RoycoJT.initialize
FNDA:37,RoycoJT.initialize
DA:17,37
DA:21,6184
FN:21,RoycoJT.TRANCHE_TYPE
FNDA:6184,RoycoJT.TRANCHE_TYPE
DA:22,6184
FNF:2
FNH:2
LF:4
LH:4
BRF:0
BRH:0
end_of_record
TN:
SF:src/tranches/RoycoST.sol
DA:15,38
FN:15,RoycoST.initialize
FNDA:38,RoycoST.initialize
DA:17,38
DA:21,3613
FN:21,RoycoST.TRANCHE_TYPE
FNDA:3613,RoycoST.TRANCHE_TYPE
DA:22,3613
FNF:2
FNH:2
LF:4
LH:4
BRF:0
BRH:0
end_of_record
TN:
SF:src/tranches/RoycoVaultTranche.sol
DA:54,0
FN:54,RoycoVaultTranche.executionIsSync
FNDA:0,RoycoVaultTranche.executionIsSync
DA:55,0
BRDA:55,0,0,-
BRDA:55,0,1,-
DA:63,0
FN:63,RoycoVaultTranche.executionIsAsync
FNDA:0,RoycoVaultTranche.executionIsAsync
DA:64,0
BRDA:64,1,0,-
BRDA:64,1,1,-
DA:71,0
FN:71,RoycoVaultTranche.onlyCallerOrOperator
FNDA:0,RoycoVaultTranche.onlyCallerOrOperator
DA:72,0
DA:79,768
FN:79,RoycoVaultTranche._onlyCallerOrOperator
FNDA:768,RoycoVaultTranche._onlyCallerOrOperator
DA:80,768
BRDA:80,2,0,768
BRDA:80,2,1,-
DA:89,75
FN:89,RoycoVaultTranche.__RoycoTranche_init
FNDA:75,RoycoVaultTranche.__RoycoTranche_init
DA:99,75
DA:100,75
DA:101,75
DA:104,75
DA:112,75
FN:112,RoycoVaultTranche.__RoycoTranche_init_unchained
FNDA:75,RoycoVaultTranche.__RoycoTranche_init_unchained
DA:114,75
DA:116,75
DA:119,75
DA:123,9791
FN:123,RoycoVaultTranche.kernel
FNDA:9791,RoycoVaultTranche.kernel
DA:124,9791
DA:128,2
FN:128,RoycoVaultTranche.marketId
FNDA:2,RoycoVaultTranche.marketId
DA:129,2
DA:133,1738
FN:133,RoycoVaultTranche.totalAssets
FNDA:1738,RoycoVaultTranche.totalAssets
DA:134,1738
DA:138,1738
FN:138,RoycoVaultTranche.getRawNAV
FNDA:1738,RoycoVaultTranche.getRawNAV
DA:139,1738
DA:143,1738
FN:143,RoycoVaultTranche.getEffectiveNAV
FNDA:1738,RoycoVaultTranche.getEffectiveNAV
DA:144,1738
DA:145,1738
DA:149,0
FN:149,RoycoVaultTranche.maxDeposit
FNDA:0,RoycoVaultTranche.maxDeposit
DA:150,0
DA:157,0
FN:157,RoycoVaultTranche.maxMint
FNDA:0,RoycoVaultTranche.maxMint
DA:158,0
DA:163,0
FN:163,RoycoVaultTranche.maxWithdraw
FNDA:0,RoycoVaultTranche.maxWithdraw
DA:164,0
DA:168,668
FN:168,RoycoVaultTranche.maxRedeem
FNDA:668,RoycoVaultTranche.maxRedeem
DA:169,668
DA:173,668
BRDA:173,3,0,-
DA:176,668
DA:179,668
DA:182,668
DA:187,0
FN:187,RoycoVaultTranche.previewDeposit
FNDA:0,RoycoVaultTranche.previewDeposit
DA:189,0
DA:190,0
DA:194,0
FN:194,RoycoVaultTranche.convertToShares
FNDA:0,RoycoVaultTranche.convertToShares
DA:196,0
DA:197,0
DA:202,0
FN:202,RoycoVaultTranche.previewMint
FNDA:0,RoycoVaultTranche.previewMint
DA:203,0
DA:208,0
FN:208,RoycoVaultTranche.previewWithdraw
FNDA:0,RoycoVaultTranche.previewWithdraw
DA:209,0
DA:214,0
FN:214,RoycoVaultTranche.previewRedeem
FNDA:0,RoycoVaultTranche.previewRedeem
DA:216,0
DA:217,0
DA:221,2404
FN:221,RoycoVaultTranche.convertToAssets
FNDA:2404,RoycoVaultTranche.convertToAssets
DA:223,2404
DA:224,2404
DA:228,0
FN:228,RoycoVaultTranche.deposit.0
FNDA:0,RoycoVaultTranche.deposit.0
DA:229,0
DA:233,768
FN:233,RoycoVaultTranche.deposit.1
FNDA:768,RoycoVaultTranche.deposit.1
DA:246,768
BRDA:246,4,0,-
BRDA:246,4,1,-
DA:248,768
DA:249,768
DA:253,768
BRDA:253,5,0,768
DA:254,768
DA:258,768
DA:265,0
DA:268,668
DA:270,668
DA:275,0
FN:275,RoycoVaultTranche.mint.0
FNDA:0,RoycoVaultTranche.mint.0
DA:276,0
DA:281,0
FN:281,RoycoVaultTranche.mint.1
FNDA:0,RoycoVaultTranche.mint.1
DA:282,0
DA:287,0
FN:287,RoycoVaultTranche.withdraw
FNDA:0,RoycoVaultTranche.withdraw
DA:288,0
DA:292,0
FN:292,RoycoVaultTranche.redeem
FNDA:0,RoycoVaultTranche.redeem
DA:305,0
BRDA:305,6,0,-
BRDA:305,6,1,-
DA:309,0
DA:313,0
DA:316,0
DA:324,0
FN:324,RoycoVaultTranche.isOperator
FNDA:0,RoycoVaultTranche.isOperator
DA:325,0
DA:329,0
FN:329,RoycoVaultTranche.setOperator
FNDA:0,RoycoVaultTranche.setOperator
DA:331,0
DA:332,0
DA:335,0
DA:340,0
FN:340,RoycoVaultTranche.requestDeposit
FNDA:0,RoycoVaultTranche.requestDeposit
DA:354,0
DA:357,0
DA:360,0
DA:365,0
DA:370,0
FN:370,RoycoVaultTranche.pendingDepositRequest
FNDA:0,RoycoVaultTranche.pendingDepositRequest
DA:381,0
DA:389,0
FN:389,RoycoVaultTranche.claimableDepositRequest
FNDA:0,RoycoVaultTranche.claimableDepositRequest
DA:400,0
DA:407,0
FN:407,RoycoVaultTranche.requestRedeem
FNDA:0,RoycoVaultTranche.requestRedeem
DA:420,0
BRDA:420,7,0,-
BRDA:420,7,1,-
DA:423,0
BRDA:423,8,0,-
DA:424,0
DA:428,0
DA:434,0
BRDA:434,9,0,-
BRDA:434,9,1,-
DA:436,0
DA:439,0
DA:442,0
DA:447,0
FN:447,RoycoVaultTranche.pendingRedeemRequest
FNDA:0,RoycoVaultTranche.pendingRedeemRequest
DA:458,0
DA:466,0
FN:466,RoycoVaultTranche.claimableRedeemRequest
FNDA:0,RoycoVaultTranche.claimableRedeemRequest
DA:477,0
DA:488,0
FN:488,RoycoVaultTranche.cancelDepositRequest
FNDA:0,RoycoVaultTranche.cancelDepositRequest
DA:500,0
BRDA:500,10,0,-
BRDA:500,10,1,-
DA:501,0
DA:503,0
DA:506,0
DA:511,0
FN:511,RoycoVaultTranche.pendingCancelDepositRequest
FNDA:0,RoycoVaultTranche.pendingCancelDepositRequest
DA:522,0
DA:529,0
FN:529,RoycoVaultTranche.claimableCancelDepositRequest
FNDA:0,RoycoVaultTranche.claimableCancelDepositRequest
DA:540,0
DA:548,0
FN:548,RoycoVaultTranche.claimCancelDepositRequest
FNDA:0,RoycoVaultTranche.claimCancelDepositRequest
DA:562,0
DA:567,0
DA:572,0
FN:572,RoycoVaultTranche.cancelRedeemRequest
FNDA:0,RoycoVaultTranche.cancelRedeemRequest
DA:584,0
BRDA:584,11,0,-
BRDA:584,11,1,-
DA:585,0
DA:587,0
DA:590,0
DA:595,0
FN:595,RoycoVaultTranche.pendingCancelRedeemRequest
FNDA:0,RoycoVaultTranche.pendingCancelRedeemRequest
DA:606,0
DA:613,0
FN:613,RoycoVaultTranche.claimableCancelRedeemRequest
FNDA:0,RoycoVaultTranche.claimableCancelRedeemRequest
DA:624,0
DA:632,0
FN:632,RoycoVaultTranche.claimCancelRedeemRequest
FNDA:0,RoycoVaultTranche.claimCancelRedeemRequest
DA:645,0
DA:650,0
BRDA:650,12,0,-
BRDA:650,12,1,-
DA:653,0
BRDA:653,13,0,-
BRDA:653,13,1,-
DA:655,0
DA:658,0
DA:661,0
DA:665,0
FN:665,RoycoVaultTranche.mintProtocolFeeShares
FNDA:0,RoycoVaultTranche.mintProtocolFeeShares
DA:674,0
BRDA:674,14,0,-
BRDA:674,14,1,-
DA:679,0
DA:680,0
BRDA:680,15,0,-
DA:684,0
FN:684,RoycoVaultTranche.share
FNDA:0,RoycoVaultTranche.share
DA:685,0
DA:689,0
FN:689,RoycoVaultTranche.vault
FNDA:0,RoycoVaultTranche.vault
DA:690,0
DA:694,0
FN:694,RoycoVaultTranche.supportsInterface
FNDA:0,RoycoVaultTranche.supportsInterface
DA:695,0
DA:696,0
DA:697,0
DA:705,0
FN:705,RoycoVaultTranche._withdraw
FNDA:0,RoycoVaultTranche._withdraw
DA:707,0
BRDA:707,16,0,-
BRDA:707,16,1,-
DA:709,0
BRDA:709,17,0,-
DA:711,0
DA:712,0
BRDA:712,18,0,-
DA:714,0
DA:717,0
DA:725,3072
FN:725,RoycoVaultTranche._previewPostSyncTrancheState
FNDA:3072,RoycoVaultTranche._previewPostSyncTrancheState
DA:727,3072
DA:728,3072
DA:729,3072
DA:730,3072
BRDA:730,19,0,868
BRDA:730,19,1,2204
DA:731,868
DA:732,868
DA:734,2204
DA:735,2204
DA:739,3072
DA:741,3072
BRDA:741,20,0,-
DA:744,0
DA:751,1336
FN:751,RoycoVaultTranche._convertToShares
FNDA:1336,RoycoVaultTranche._convertToShares
DA:752,1336
DA:756,2404
FN:756,RoycoVaultTranche._convertToAssets
FNDA:2404,RoycoVaultTranche._convertToAssets
DA:757,2404
DA:761,768
FN:761,RoycoVaultTranche._isSync
FNDA:768,RoycoVaultTranche._isSync
DA:762,768
DA:768,3740
FN:768,RoycoVaultTranche._decimalsOffset
FNDA:3740,RoycoVaultTranche._decimalsOffset
DA:769,3740
DA:772,0
FN:772,RoycoVaultTranche._requestRedeemSharesBehavior
FNDA:0,RoycoVaultTranche._requestRedeemSharesBehavior
DA:773,0
DA:778,3740
FN:778,RoycoVaultTranche._withVirtualShares
FNDA:3740,RoycoVaultTranche._withVirtualShares
DA:779,3740
DA:782,3740
FN:782,RoycoVaultTranche._withVirtualAssets
FNDA:3740,RoycoVaultTranche._withVirtualAssets
DA:783,3740
FNF:56
FNH:18
LF:180
LH:63
BRF:35
BRH:4
end_of_record
TN:
SF:test/base/BaseTest.sol
DA:108,54
FN:108,BaseTest.constructor
FNDA:54,BaseTest.constructor
DA:109,54
DA:112,54
FN:112,BaseTest.prankModifier
FNDA:54,BaseTest.prankModifier
DA:113,54
DA:115,54
DA:118,54
FN:118,BaseTest._setUpRoyco
FNDA:54,BaseTest._setUpRoyco
DA:119,0
DA:120,0
DA:121,54
DA:124,54
DA:125,54
DA:128,54
DA:129,54
DA:130,54
DA:131,54
DA:134,54
DA:135,54
DA:138,54
DA:139,54
DA:142,54
DA:143,54
DA:145,0
DA:148,54
FN:148,BaseTest._setupFork
FNDA:54,BaseTest._setupFork
DA:149,54
DA:150,54
BRDA:150,0,0,30
DA:151,30
BRDA:151,1,0,-
BRDA:151,1,1,-
DA:152,30
DA:156,54
FN:156,BaseTest._setupAssets
FNDA:54,BaseTest._setupAssets
DA:157,54
DA:158,54
DA:159,54
DA:160,54
DA:161,54
DA:163,54
DA:164,54
DA:165,54
DA:166,54
DA:167,54
DA:169,54
DA:170,54
DA:171,54
DA:172,54
DA:173,54
DA:176,54
FN:176,BaseTest._setupWallets
FNDA:54,BaseTest._setupWallets
DA:178,54
DA:179,54
DA:180,54
DA:181,54
DA:182,54
DA:183,54
DA:184,54
DA:185,54
DA:188,54
DA:189,54
DA:190,54
DA:191,54
DA:192,54
DA:193,54
DA:194,54
DA:195,54
DA:197,54
DA:198,54
DA:199,54
DA:200,54
DA:203,30
FN:203,BaseTest._setDeployedMarket
FNDA:30,BaseTest._setDeployedMarket
DA:204,30
DA:205,30
DA:206,30
DA:207,30
DA:208,30
DA:210,30
DA:211,30
DA:212,30
DA:213,30
DA:216,1000
FN:216,BaseTest._initWallet
FNDA:1000,BaseTest._initWallet
DA:217,1000
DA:218,1000
DA:219,1000
DA:220,0
DA:227,3
FN:227,BaseTest._setUpTrancheRoles
FNDA:3,BaseTest._setUpTrancheRoles
DA:228,3
DA:229,3
DA:230,3
DA:231,12
DA:232,12
DA:239,0
FN:239,BaseTest._setUpKernelRoles
FNDA:0,BaseTest._setUpKernelRoles
DA:240,0
DA:244,54
FN:244,BaseTest._setupFactoryAuth
FNDA:54,BaseTest._setupFactoryAuth
DA:245,54
DA:246,54
DA:247,54
DA:253,568
FN:253,BaseTest._generateProvider
FNDA:568,BaseTest._generateProvider
DA:255,568
DA:256,568
DA:259,568
DA:260,568
DA:262,0
DA:268,868
FN:268,BaseTest._verifyPreviewNAVs
FNDA:868,BaseTest._verifyPreviewNAVs
DA:269,868
DA:270,868
DA:272,868
DA:273,868
DA:274,868
DA:276,868
DA:277,868
DA:278,868
DA:285,868
FN:285,BaseTest._verifyFeeTaken
FNDA:868,BaseTest._verifyFeeTaken
DA:286,868
DA:287,868
DA:288,868
DA:290,868
DA:291,868
DA:292,868
DA:299,668
FN:299,BaseTest._updateOnDeposit
FNDA:668,BaseTest._updateOnDeposit
DA:300,668
DA:301,668
DA:302,668
DA:303,668
DA:310,0
FN:310,BaseTest._updateOnWithdraw
FNDA:0,BaseTest._updateOnWithdraw
DA:311,0
DA:312,0
DA:313,0
DA:314,0
DA:321,0
FN:321,BaseTest._deployKernel
FNDA:0,BaseTest._deployKernel
DA:322,0
DA:328,24
FN:328,BaseTest._forkConfiguration
FNDA:24,BaseTest._forkConfiguration
DA:329,24
FNF:18
FNH:15
LF:127
LH:113
BRF:3
BRH:1
end_of_record
TN:
SF:test/erc4626st-aavejt/base/MainnetForkWithAaveBaseTest.sol
DA:34,30
FN:34,MainnetForkWithAaveTestBase.constructor
FNDA:30,MainnetForkWithAaveTestBase.constructor
DA:35,30
DA:38,30
FN:38,MainnetForkWithAaveTestBase._setUpRoyco
FNDA:30,MainnetForkWithAaveTestBase._setUpRoyco
DA:40,30
DA:41,30
DA:42,30
DA:45,0
DA:46,30
DA:47,30
DA:50,0
DA:53,30
DA:54,30
DA:56,30
DA:57,30
DA:60,30
DA:61,30
DA:72,30
FN:72,MainnetForkWithAaveTestBase._dealUSDCToAddresses
FNDA:30,MainnetForkWithAaveTestBase._dealUSDCToAddresses
DA:73,30
DA:76,30
DA:77,30
DA:78,30
DA:79,30
DA:82,30
DA:83,30
DA:84,30
DA:85,30
DA:88,30
DA:91,30
FN:91,MainnetForkWithAaveTestBase._deployMarketWithKernel
FNDA:30,MainnetForkWithAaveTestBase._deployMarketWithKernel
DA:92,30
DA:95,30
DA:96,30
DA:97,30
DA:98,30
DA:99,30
DA:102,30
DA:116,30
DA:125,30
DA:134,30
DA:144,30
DA:172,30
FN:172,MainnetForkWithAaveTestBase._forkConfiguration
FNDA:30,MainnetForkWithAaveTestBase._forkConfiguration
DA:173,30
DA:174,30
DA:175,30
BRDA:175,0,0,-
DA:176,0
DA:184,568
FN:184,MainnetForkWithAaveTestBase._generateProvider
FNDA:568,MainnetForkWithAaveTestBase._generateProvider
DA:185,568
DA:188,568
FNF:6
FNH:6
LF:47
LH:44
BRF:1
BRH:0
end_of_record
TN:
SF:test/mock/ERC4626Mock.sol
DA:17,30
FN:17,ERC4626Mock.constructor
FNDA:30,ERC4626Mock.constructor
DA:18,30
DA:21,0
FN:21,ERC4626Mock.setSharePrice
FNDA:0,ERC4626Mock.setSharePrice
DA:22,0
DA:23,0
DA:24,0
BRDA:24,0,0,-
BRDA:24,0,1,-
DA:25,0
DA:26,0
DA:27,0
BRDA:27,1,0,-
DA:28,0
DA:29,0
DA:32,0
BRDA:32,2,0,-
BRDA:32,2,1,-
FNF:2
FNH:1
LF:12
LH:2
BRF:5
BRH:0
end_of_record
